<!DOCTYPE html>
<html>
  <head>
    <meta charset="utf-8"/>
    <title id="head-title">report.html</title>
      <link href="assets\style.css" rel="stylesheet" type="text/css"/>
  </head>
  <body>
    <h1 id="title">report.html</h1>
    <p>Report generated on 10-Nov-2024 at 17:02:34 by <a href="https://pypi.python.org/pypi/pytest-html">pytest-html</a>
        v4.1.1</p>
    <div id="environment-header">
      <h2>Environment</h2>
    </div>
    <table id="environment"></table>
    <!-- TEMPLATES -->
      <template id="template_environment_row">
      <tr>
        <td></td>
        <td></td>
      </tr>
    </template>
    <template id="template_results-table__body--empty">
      <tbody class="results-table-row">
        <tr id="not-found-message">
          <td colspan="4">No results found. Check the filters.</th>
        </tr>
    </template>
    <template id="template_results-table__tbody">
      <tbody class="results-table-row">
        <tr class="collapsible">
        </tr>
        <tr class="extras-row">
          <td class="extra" colspan="4">
            <div class="extraHTML"></div>
            <div class="media">
              <div class="media-container">
                  <div class="media-container__nav--left"><</div>
                  <div class="media-container__viewport">
                    <img src="" />
                    <video controls>
                      <source src="" type="video/mp4">
                    </video>
                  </div>
                  <div class="media-container__nav--right">></div>
                </div>
                <div class="media__name"></div>
                <div class="media__counter"></div>
            </div>
            <div class="logwrapper">
              <div class="logexpander"></div>
              <div class="log"></div>
            </div>
          </td>
        </tr>
      </tbody>
    </template>
    <!-- END TEMPLATES -->
    <div class="summary">
      <div class="summary__data">
        <h2>Summary</h2>
        <div class="additional-summary prefix">
        </div>
        <p class="run-count">55 tests took 00:17:07.</p>
        <p class="filter">(Un)check the boxes to filter the results.</p>
        <div class="summary__reload">
          <div class="summary__reload__button hidden" onclick="location.reload()">
            <div>There are still tests running. <br />Reload this page to get the latest results!</div>
          </div>
        </div>
        <div class="summary__spacer"></div>
        <div class="controls">
          <div class="filters">
            <input checked="true" class="filter" name="filter_checkbox" type="checkbox" data-test-result="failed" />
            <span class="failed">13 Failed,</span>
            <input checked="true" class="filter" name="filter_checkbox" type="checkbox" data-test-result="passed" />
            <span class="passed">42 Passed,</span>
            <input checked="true" class="filter" name="filter_checkbox" type="checkbox" data-test-result="skipped" disabled/>
            <span class="skipped">0 Skipped,</span>
            <input checked="true" class="filter" name="filter_checkbox" type="checkbox" data-test-result="xfailed" disabled/>
            <span class="xfailed">0 Expected failures,</span>
            <input checked="true" class="filter" name="filter_checkbox" type="checkbox" data-test-result="xpassed" disabled/>
            <span class="xpassed">0 Unexpected passes,</span>
            <input checked="true" class="filter" name="filter_checkbox" type="checkbox" data-test-result="error" disabled/>
            <span class="error">0 Errors,</span>
            <input checked="true" class="filter" name="filter_checkbox" type="checkbox" data-test-result="rerun" disabled/>
            <span class="rerun">0 Reruns</span>
          </div>
          <div class="collapse">
            <button id="show_all_details">Show all details</button>&nbsp;/&nbsp;<button id="hide_all_details">Hide all details</button>
          </div>
        </div>
      </div>
      <div class="additional-summary summary">
      </div>
      <div class="additional-summary postfix">
      </div>
    </div>
    <table id="results-table">
      <thead id="results-table-head">
        <tr>
          <th class="sortable" data-column-type="result">Result</th>
          <th class="sortable" data-column-type="testId">Test</th>
          <th class="sortable" data-column-type="duration">Duration</th>
          <th>Links</th>
        </tr>
      </thead>
    </table>
  </body>
  <footer>
    <div id="data-container" data-jsonblob="{&#34;environment&#34;: {&#34;Python&#34;: &#34;3.13.0&#34;, &#34;Platform&#34;: &#34;Windows-11-10.0.22631-SP0&#34;, &#34;Packages&#34;: {&#34;pytest&#34;: &#34;8.3.3&#34;, &#34;pluggy&#34;: &#34;1.5.0&#34;}, &#34;Plugins&#34;: {&#34;html&#34;: &#34;4.1.1&#34;, &#34;metadata&#34;: &#34;3.1.1&#34;}, &#34;JAVA_HOME&#34;: &#34;C:\\Program Files\\Java\\jdk-20&#34;}, &#34;tests&#34;: {&#34;tests/test_add_to_cart.py::TestAddToCart::test_add_to_cart_with_valid_qty&#34;: [{&#34;extras&#34;: [], &#34;result&#34;: &#34;Passed&#34;, &#34;testId&#34;: &#34;tests/test_add_to_cart.py::TestAddToCart::test_add_to_cart_with_valid_qty&#34;, &#34;duration&#34;: &#34;00:00:11&#34;, &#34;resultsTableRow&#34;: [&#34;&lt;td class=\&#34;col-result\&#34;&gt;Passed&lt;/td&gt;&#34;, &#34;&lt;td class=\&#34;col-testId\&#34;&gt;tests/test_add_to_cart.py::TestAddToCart::test_add_to_cart_with_valid_qty&lt;/td&gt;&#34;, &#34;&lt;td class=\&#34;col-duration\&#34;&gt;00:00:11&lt;/td&gt;&#34;, &#34;&lt;td class=\&#34;col-links\&#34;&gt;&lt;/td&gt;&#34;], &#34;log&#34;: &#34;No log output captured.&#34;}], &#34;tests/test_add_to_cart.py::TestAddToCart::test_add_to_cart_with_empty_qty&#34;: [{&#34;extras&#34;: [], &#34;result&#34;: &#34;Failed&#34;, &#34;testId&#34;: &#34;tests/test_add_to_cart.py::TestAddToCart::test_add_to_cart_with_empty_qty&#34;, &#34;duration&#34;: &#34;00:00:10&#34;, &#34;resultsTableRow&#34;: [&#34;&lt;td class=\&#34;col-result\&#34;&gt;Failed&lt;/td&gt;&#34;, &#34;&lt;td class=\&#34;col-testId\&#34;&gt;tests/test_add_to_cart.py::TestAddToCart::test_add_to_cart_with_empty_qty&lt;/td&gt;&#34;, &#34;&lt;td class=\&#34;col-duration\&#34;&gt;00:00:10&lt;/td&gt;&#34;, &#34;&lt;td class=\&#34;col-links\&#34;&gt;&lt;/td&gt;&#34;], &#34;log&#34;: &#34;self = &amp;lt;test_add_to_cart.TestAddToCart object at 0x000001CD623B9950&amp;gt;\ndriver = &amp;lt;selenium.webdriver.chrome.webdriver.WebDriver (session=&amp;quot;0434ef06db3dd840af3120d317c88319&amp;quot;)&amp;gt;\n\n    def test_add_to_cart_with_empty_qty(self, driver):\n        # \u0110i\u1ec1u h\u01b0\u1edbng \u0111\u1ebfn trang chi ti\u1ebft s\u1ea3n ph\u1ea9m\n        add_to_cart = AddToCart(driver)\n        add_to_cart.navigation_to_details_page(43)\n        time.sleep(3)\n    \n        # Thi\u1ebft l\u1eadp s\u1ed1 l\u01b0\u1ee3ng v\u00e0 th\u00eam s\u1ea3n ph\u1ea9m v\u00e0o gi\u1ecf h\u00e0ng\n        add_to_cart.qty_product(&amp;#x27;&amp;#x27;)  # C\u00e0i \u0111\u1eb7t s\u1ed1 l\u01b0\u1ee3ng\n        add_to_cart.add_to_cart()    # Th\u00eam v\u00e0o gi\u1ecf h\u00e0ng\n    \n        # Ki\u1ec3m tra th\u00f4ng b\u00e1o th\u00e0nh c\u00f4ng sau khi th\u00eam v\u00e0o gi\u1ecf h\u00e0ng\n        expected_message = f&amp;quot;Waring: Please enter a valid quantity for {add_to_cart.get_product_name_in_details()}!&amp;quot;\n&amp;gt;       assert add_to_cart.get_error_add_to_cart() == expected_message, (\n            f&amp;quot;Expected message: &amp;#x27;{expected_message}&amp;#x27;, but got: &amp;#x27;{add_to_cart.get_error_add_to_cart()}&amp;#x27;&amp;quot;\n        )\n\ntests\\test_add_to_cart.py:43: \n_ _ _ _ _ _ _ _ _ _ _ _ _ _ _ _ _ _ _ _ _ _ _ _ _ _ _ _ _ _ _ _ _ _ _ _ _ _ _ _ _ _ _ _ _ _ _ _ _ _ _ _ _ _ _ _ _ _ _ _ _ _ _ _ _ _ _ _ _ _ _ _ _ _ _ _ _ _ _ _ _ _ _ _ \npages\\add_to_cart_page.py:90: in get_error_add_to_cart\n    return self.driver.find_element(By.XPATH, &amp;quot;//div[contains(@class, &amp;#x27;alert-danger&amp;#x27;)]&amp;quot;).text\nC:\\Users\\PC\\AppData\\Local\\Programs\\Python\\Python313\\Lib\\site-packages\\selenium\\webdriver\\remote\\webdriver.py:766: in find_element\n    return self.execute(Command.FIND_ELEMENT, {&amp;quot;using&amp;quot;: by, &amp;quot;value&amp;quot;: value})[&amp;quot;value&amp;quot;]\nC:\\Users\\PC\\AppData\\Local\\Programs\\Python\\Python313\\Lib\\site-packages\\selenium\\webdriver\\remote\\webdriver.py:380: in execute\n    self.error_handler.check_response(response)\n_ _ _ _ _ _ _ _ _ _ _ _ _ _ _ _ _ _ _ _ _ _ _ _ _ _ _ _ _ _ _ _ _ _ _ _ _ _ _ _ _ _ _ _ _ _ _ _ _ _ _ _ _ _ _ _ _ _ _ _ _ _ _ _ _ _ _ _ _ _ _ _ _ _ _ _ _ _ _ _ _ _ _ _ \n\nself = &amp;lt;selenium.webdriver.remote.errorhandler.ErrorHandler object at 0x000001CD624342D0&amp;gt;\nresponse = {&amp;#x27;status&amp;#x27;: 404, &amp;#x27;value&amp;#x27;: &amp;#x27;{&amp;quot;value&amp;quot;:{&amp;quot;error&amp;quot;:&amp;quot;no such element&amp;quot;,&amp;quot;message&amp;quot;:&amp;quot;no such element: Unable to locate element: {\\...07FF79DF00149]\\\\n\\\\tBaseThreadInitThunk [0x00007FFED480257D+29]\\\\n\\\\tRtlUserThreadStart [0x00007FFED614AF08+40]\\\\n&amp;quot;}}&amp;#x27;}\n\n    def check_response(self, response: Dict[str, Any]) -&amp;gt; None:\n        &amp;quot;&amp;quot;&amp;quot;Checks that a JSON response from the WebDriver does not have an\n        error.\n    \n        :Args:\n         - response - The JSON response from the WebDriver server as a dictionary\n           object.\n    \n        :Raises: If the response contains an error message.\n        &amp;quot;&amp;quot;&amp;quot;\n        status = response.get(&amp;quot;status&amp;quot;, None)\n        if not status or status == ErrorCode.SUCCESS:\n            return\n        value = None\n        message = response.get(&amp;quot;message&amp;quot;, &amp;quot;&amp;quot;)\n        screen: str = response.get(&amp;quot;screen&amp;quot;, &amp;quot;&amp;quot;)\n        stacktrace = None\n        if isinstance(status, int):\n            value_json = response.get(&amp;quot;value&amp;quot;, None)\n            if value_json and isinstance(value_json, str):\n                import json\n    \n                try:\n                    value = json.loads(value_json)\n                    if len(value) == 1:\n                        value = value[&amp;quot;value&amp;quot;]\n                    status = value.get(&amp;quot;error&amp;quot;, None)\n                    if not status:\n                        status = value.get(&amp;quot;status&amp;quot;, ErrorCode.UNKNOWN_ERROR)\n                        message = value.get(&amp;quot;value&amp;quot;) or value.get(&amp;quot;message&amp;quot;)\n                        if not isinstance(message, str):\n                            value = message\n                            message = message.get(&amp;quot;message&amp;quot;)\n                    else:\n                        message = value.get(&amp;quot;message&amp;quot;, None)\n                except ValueError:\n                    pass\n    \n        exception_class: Type[WebDriverException]\n        e = ErrorCode()\n        error_codes = [item for item in dir(e) if not item.startswith(&amp;quot;__&amp;quot;)]\n        for error_code in error_codes:\n            error_info = getattr(ErrorCode, error_code)\n            if isinstance(error_info, list) and status in error_info:\n                exception_class = getattr(ExceptionMapping, error_code, WebDriverException)\n                break\n        else:\n            exception_class = WebDriverException\n    \n        if not value:\n            value = response[&amp;quot;value&amp;quot;]\n        if isinstance(value, str):\n            raise exception_class(value)\n        if message == &amp;quot;&amp;quot; and &amp;quot;message&amp;quot; in value:\n            message = value[&amp;quot;message&amp;quot;]\n    \n        screen = None  # type: ignore[assignment]\n        if &amp;quot;screen&amp;quot; in value:\n            screen = value[&amp;quot;screen&amp;quot;]\n    \n        stacktrace = None\n        st_value = value.get(&amp;quot;stackTrace&amp;quot;) or value.get(&amp;quot;stacktrace&amp;quot;)\n        if st_value:\n            if isinstance(st_value, str):\n                stacktrace = st_value.split(&amp;quot;\\n&amp;quot;)\n            else:\n                stacktrace = []\n                try:\n                    for frame in st_value:\n                        line = frame.get(&amp;quot;lineNumber&amp;quot;, &amp;quot;&amp;quot;)\n                        file = frame.get(&amp;quot;fileName&amp;quot;, &amp;quot;&amp;lt;anonymous&amp;gt;&amp;quot;)\n                        if line:\n                            file = f&amp;quot;{file}:{line}&amp;quot;\n                        meth = frame.get(&amp;quot;methodName&amp;quot;, &amp;quot;&amp;lt;anonymous&amp;gt;&amp;quot;)\n                        if &amp;quot;className&amp;quot; in frame:\n                            meth = f&amp;quot;{frame[&amp;#x27;className&amp;#x27;]}.{meth}&amp;quot;\n                        msg = &amp;quot;    at %s (%s)&amp;quot;\n                        msg = msg % (meth, file)\n                        stacktrace.append(msg)\n                except TypeError:\n                    pass\n        if exception_class == UnexpectedAlertPresentException:\n            alert_text = None\n            if &amp;quot;data&amp;quot; in value:\n                alert_text = value[&amp;quot;data&amp;quot;].get(&amp;quot;text&amp;quot;)\n            elif &amp;quot;alert&amp;quot; in value:\n                alert_text = value[&amp;quot;alert&amp;quot;].get(&amp;quot;text&amp;quot;)\n            raise exception_class(message, screen, stacktrace, alert_text)  # type: ignore[call-arg]  # mypy is not smart enough here\n&amp;gt;       raise exception_class(message, screen, stacktrace)\nE       selenium.common.exceptions.NoSuchElementException: Message: no such element: Unable to locate element: {&amp;quot;method&amp;quot;:&amp;quot;xpath&amp;quot;,&amp;quot;selector&amp;quot;:&amp;quot;//div[contains(@class, &amp;#x27;alert-danger&amp;#x27;)]&amp;quot;}\nE         (Session info: chrome=130.0.6723.117); For documentation on this error, please visit: https://www.selenium.dev/documentation/webdriver/troubleshooting/errors#no-such-element-exception\nE       Stacktrace:\nE       \tGetHandleVerifier [0x00007FF79E2738A5+3004357]\nE       \t(No symbol) [0x00007FF79DF09970]\nE       \t(No symbol) [0x00007FF79DDB582A]\nE       \t(No symbol) [0x00007FF79DE05B8E]\nE       \t(No symbol) [0x00007FF79DE05E7C]\nE       \t(No symbol) [0x00007FF79DE4EC27]\nE       \t(No symbol) [0x00007FF79DE2BC1F]\nE       \t(No symbol) [0x00007FF79DE4BA4C]\nE       \t(No symbol) [0x00007FF79DE2B983]\nE       \t(No symbol) [0x00007FF79DDF7628]\nE       \t(No symbol) [0x00007FF79DDF8791]\nE       \tGetHandleVerifier [0x00007FF79E29A00D+3161901]\nE       \tGetHandleVerifier [0x00007FF79E2EE060+3506048]\nE       \tGetHandleVerifier [0x00007FF79E2E400D+3465005]\nE       \tGetHandleVerifier [0x00007FF79E060EEB+830987]\nE       \t(No symbol) [0x00007FF79DF1467F]\nE       \t(No symbol) [0x00007FF79DF109D4]\nE       \t(No symbol) [0x00007FF79DF10B6D]\nE       \t(No symbol) [0x00007FF79DF00149]\nE       \tBaseThreadInitThunk [0x00007FFED480257D+29]\nE       \tRtlUserThreadStart [0x00007FFED614AF08+40]\n\nC:\\Users\\PC\\AppData\\Local\\Programs\\Python\\Python313\\Lib\\site-packages\\selenium\\webdriver\\remote\\errorhandler.py:229: NoSuchElementException\n&#34;}], &#34;tests/test_add_to_cart.py::TestAddToCart::test_add_to_cart_with_invalid_qty&#34;: [{&#34;extras&#34;: [], &#34;result&#34;: &#34;Failed&#34;, &#34;testId&#34;: &#34;tests/test_add_to_cart.py::TestAddToCart::test_add_to_cart_with_invalid_qty&#34;, &#34;duration&#34;: &#34;00:00:10&#34;, &#34;resultsTableRow&#34;: [&#34;&lt;td class=\&#34;col-result\&#34;&gt;Failed&lt;/td&gt;&#34;, &#34;&lt;td class=\&#34;col-testId\&#34;&gt;tests/test_add_to_cart.py::TestAddToCart::test_add_to_cart_with_invalid_qty&lt;/td&gt;&#34;, &#34;&lt;td class=\&#34;col-duration\&#34;&gt;00:00:10&lt;/td&gt;&#34;, &#34;&lt;td class=\&#34;col-links\&#34;&gt;&lt;/td&gt;&#34;], &#34;log&#34;: &#34;self = &amp;lt;test_add_to_cart.TestAddToCart object at 0x000001CD6229F230&amp;gt;\ndriver = &amp;lt;selenium.webdriver.chrome.webdriver.WebDriver (session=&amp;quot;2a8753aadda461b34049501983caea5c&amp;quot;)&amp;gt;\n\n    def test_add_to_cart_with_invalid_qty(self, driver):\n        driver.get(BASE_URL)\n        # \u0110i\u1ec1u h\u01b0\u1edbng \u0111\u1ebfn trang chi ti\u1ebft s\u1ea3n ph\u1ea9m\n        add_to_cart = AddToCart(driver)\n        add_to_cart.navigation_to_details_page(43)\n        time.sleep(3)\n    \n        # Thi\u1ebft l\u1eadp s\u1ed1 l\u01b0\u1ee3ng v\u00e0 th\u00eam s\u1ea3n ph\u1ea9m v\u00e0o gi\u1ecf h\u00e0ng\n        add_to_cart.qty_product(0)  # C\u00e0i \u0111\u1eb7t s\u1ed1 l\u01b0\u1ee3ng\n        add_to_cart.add_to_cart()    # Th\u00eam v\u00e0o gi\u1ecf h\u00e0ng\n    \n        # Ki\u1ec3m tra th\u00f4ng b\u00e1o th\u00e0nh c\u00f4ng sau khi th\u00eam v\u00e0o gi\u1ecf h\u00e0ng\n        expected_message = f&amp;quot;Waring: Please enter a valid quantity for {add_to_cart.get_product_name_in_details()}!&amp;quot;\n&amp;gt;       assert add_to_cart.get_error_add_to_cart() == expected_message, (\n            f&amp;quot;Expected message: &amp;#x27;{expected_message}&amp;#x27;, but got: &amp;#x27;{add_to_cart.get_error_add_to_cart()}&amp;#x27;&amp;quot;\n        )\n\ntests\\test_add_to_cart.py:61: \n_ _ _ _ _ _ _ _ _ _ _ _ _ _ _ _ _ _ _ _ _ _ _ _ _ _ _ _ _ _ _ _ _ _ _ _ _ _ _ _ _ _ _ _ _ _ _ _ _ _ _ _ _ _ _ _ _ _ _ _ _ _ _ _ _ _ _ _ _ _ _ _ _ _ _ _ _ _ _ _ _ _ _ _ \npages\\add_to_cart_page.py:90: in get_error_add_to_cart\n    return self.driver.find_element(By.XPATH, &amp;quot;//div[contains(@class, &amp;#x27;alert-danger&amp;#x27;)]&amp;quot;).text\nC:\\Users\\PC\\AppData\\Local\\Programs\\Python\\Python313\\Lib\\site-packages\\selenium\\webdriver\\remote\\webdriver.py:766: in find_element\n    return self.execute(Command.FIND_ELEMENT, {&amp;quot;using&amp;quot;: by, &amp;quot;value&amp;quot;: value})[&amp;quot;value&amp;quot;]\nC:\\Users\\PC\\AppData\\Local\\Programs\\Python\\Python313\\Lib\\site-packages\\selenium\\webdriver\\remote\\webdriver.py:380: in execute\n    self.error_handler.check_response(response)\n_ _ _ _ _ _ _ _ _ _ _ _ _ _ _ _ _ _ _ _ _ _ _ _ _ _ _ _ _ _ _ _ _ _ _ _ _ _ _ _ _ _ _ _ _ _ _ _ _ _ _ _ _ _ _ _ _ _ _ _ _ _ _ _ _ _ _ _ _ _ _ _ _ _ _ _ _ _ _ _ _ _ _ _ \n\nself = &amp;lt;selenium.webdriver.remote.errorhandler.ErrorHandler object at 0x000001CD62435A90&amp;gt;\nresponse = {&amp;#x27;status&amp;#x27;: 404, &amp;#x27;value&amp;#x27;: &amp;#x27;{&amp;quot;value&amp;quot;:{&amp;quot;error&amp;quot;:&amp;quot;no such element&amp;quot;,&amp;quot;message&amp;quot;:&amp;quot;no such element: Unable to locate element: {\\...07FF79DF00149]\\\\n\\\\tBaseThreadInitThunk [0x00007FFED480257D+29]\\\\n\\\\tRtlUserThreadStart [0x00007FFED614AF08+40]\\\\n&amp;quot;}}&amp;#x27;}\n\n    def check_response(self, response: Dict[str, Any]) -&amp;gt; None:\n        &amp;quot;&amp;quot;&amp;quot;Checks that a JSON response from the WebDriver does not have an\n        error.\n    \n        :Args:\n         - response - The JSON response from the WebDriver server as a dictionary\n           object.\n    \n        :Raises: If the response contains an error message.\n        &amp;quot;&amp;quot;&amp;quot;\n        status = response.get(&amp;quot;status&amp;quot;, None)\n        if not status or status == ErrorCode.SUCCESS:\n            return\n        value = None\n        message = response.get(&amp;quot;message&amp;quot;, &amp;quot;&amp;quot;)\n        screen: str = response.get(&amp;quot;screen&amp;quot;, &amp;quot;&amp;quot;)\n        stacktrace = None\n        if isinstance(status, int):\n            value_json = response.get(&amp;quot;value&amp;quot;, None)\n            if value_json and isinstance(value_json, str):\n                import json\n    \n                try:\n                    value = json.loads(value_json)\n                    if len(value) == 1:\n                        value = value[&amp;quot;value&amp;quot;]\n                    status = value.get(&amp;quot;error&amp;quot;, None)\n                    if not status:\n                        status = value.get(&amp;quot;status&amp;quot;, ErrorCode.UNKNOWN_ERROR)\n                        message = value.get(&amp;quot;value&amp;quot;) or value.get(&amp;quot;message&amp;quot;)\n                        if not isinstance(message, str):\n                            value = message\n                            message = message.get(&amp;quot;message&amp;quot;)\n                    else:\n                        message = value.get(&amp;quot;message&amp;quot;, None)\n                except ValueError:\n                    pass\n    \n        exception_class: Type[WebDriverException]\n        e = ErrorCode()\n        error_codes = [item for item in dir(e) if not item.startswith(&amp;quot;__&amp;quot;)]\n        for error_code in error_codes:\n            error_info = getattr(ErrorCode, error_code)\n            if isinstance(error_info, list) and status in error_info:\n                exception_class = getattr(ExceptionMapping, error_code, WebDriverException)\n                break\n        else:\n            exception_class = WebDriverException\n    \n        if not value:\n            value = response[&amp;quot;value&amp;quot;]\n        if isinstance(value, str):\n            raise exception_class(value)\n        if message == &amp;quot;&amp;quot; and &amp;quot;message&amp;quot; in value:\n            message = value[&amp;quot;message&amp;quot;]\n    \n        screen = None  # type: ignore[assignment]\n        if &amp;quot;screen&amp;quot; in value:\n            screen = value[&amp;quot;screen&amp;quot;]\n    \n        stacktrace = None\n        st_value = value.get(&amp;quot;stackTrace&amp;quot;) or value.get(&amp;quot;stacktrace&amp;quot;)\n        if st_value:\n            if isinstance(st_value, str):\n                stacktrace = st_value.split(&amp;quot;\\n&amp;quot;)\n            else:\n                stacktrace = []\n                try:\n                    for frame in st_value:\n                        line = frame.get(&amp;quot;lineNumber&amp;quot;, &amp;quot;&amp;quot;)\n                        file = frame.get(&amp;quot;fileName&amp;quot;, &amp;quot;&amp;lt;anonymous&amp;gt;&amp;quot;)\n                        if line:\n                            file = f&amp;quot;{file}:{line}&amp;quot;\n                        meth = frame.get(&amp;quot;methodName&amp;quot;, &amp;quot;&amp;lt;anonymous&amp;gt;&amp;quot;)\n                        if &amp;quot;className&amp;quot; in frame:\n                            meth = f&amp;quot;{frame[&amp;#x27;className&amp;#x27;]}.{meth}&amp;quot;\n                        msg = &amp;quot;    at %s (%s)&amp;quot;\n                        msg = msg % (meth, file)\n                        stacktrace.append(msg)\n                except TypeError:\n                    pass\n        if exception_class == UnexpectedAlertPresentException:\n            alert_text = None\n            if &amp;quot;data&amp;quot; in value:\n                alert_text = value[&amp;quot;data&amp;quot;].get(&amp;quot;text&amp;quot;)\n            elif &amp;quot;alert&amp;quot; in value:\n                alert_text = value[&amp;quot;alert&amp;quot;].get(&amp;quot;text&amp;quot;)\n            raise exception_class(message, screen, stacktrace, alert_text)  # type: ignore[call-arg]  # mypy is not smart enough here\n&amp;gt;       raise exception_class(message, screen, stacktrace)\nE       selenium.common.exceptions.NoSuchElementException: Message: no such element: Unable to locate element: {&amp;quot;method&amp;quot;:&amp;quot;xpath&amp;quot;,&amp;quot;selector&amp;quot;:&amp;quot;//div[contains(@class, &amp;#x27;alert-danger&amp;#x27;)]&amp;quot;}\nE         (Session info: chrome=130.0.6723.117); For documentation on this error, please visit: https://www.selenium.dev/documentation/webdriver/troubleshooting/errors#no-such-element-exception\nE       Stacktrace:\nE       \tGetHandleVerifier [0x00007FF79E2738A5+3004357]\nE       \t(No symbol) [0x00007FF79DF09970]\nE       \t(No symbol) [0x00007FF79DDB582A]\nE       \t(No symbol) [0x00007FF79DE05B8E]\nE       \t(No symbol) [0x00007FF79DE05E7C]\nE       \t(No symbol) [0x00007FF79DE4EC27]\nE       \t(No symbol) [0x00007FF79DE2BC1F]\nE       \t(No symbol) [0x00007FF79DE4BA4C]\nE       \t(No symbol) [0x00007FF79DE2B983]\nE       \t(No symbol) [0x00007FF79DDF7628]\nE       \t(No symbol) [0x00007FF79DDF8791]\nE       \tGetHandleVerifier [0x00007FF79E29A00D+3161901]\nE       \tGetHandleVerifier [0x00007FF79E2EE060+3506048]\nE       \tGetHandleVerifier [0x00007FF79E2E400D+3465005]\nE       \tGetHandleVerifier [0x00007FF79E060EEB+830987]\nE       \t(No symbol) [0x00007FF79DF1467F]\nE       \t(No symbol) [0x00007FF79DF109D4]\nE       \t(No symbol) [0x00007FF79DF10B6D]\nE       \t(No symbol) [0x00007FF79DF00149]\nE       \tBaseThreadInitThunk [0x00007FFED480257D+29]\nE       \tRtlUserThreadStart [0x00007FFED614AF08+40]\n\nC:\\Users\\PC\\AppData\\Local\\Programs\\Python\\Python313\\Lib\\site-packages\\selenium\\webdriver\\remote\\errorhandler.py:229: NoSuchElementException\n&#34;}], &#34;tests/test_add_to_cart.py::TestAddToCart::test_add_to_cart_with_string_qty&#34;: [{&#34;extras&#34;: [], &#34;result&#34;: &#34;Failed&#34;, &#34;testId&#34;: &#34;tests/test_add_to_cart.py::TestAddToCart::test_add_to_cart_with_string_qty&#34;, &#34;duration&#34;: &#34;00:00:10&#34;, &#34;resultsTableRow&#34;: [&#34;&lt;td class=\&#34;col-result\&#34;&gt;Failed&lt;/td&gt;&#34;, &#34;&lt;td class=\&#34;col-testId\&#34;&gt;tests/test_add_to_cart.py::TestAddToCart::test_add_to_cart_with_string_qty&lt;/td&gt;&#34;, &#34;&lt;td class=\&#34;col-duration\&#34;&gt;00:00:10&lt;/td&gt;&#34;, &#34;&lt;td class=\&#34;col-links\&#34;&gt;&lt;/td&gt;&#34;], &#34;log&#34;: &#34;self = &amp;lt;test_add_to_cart.TestAddToCart object at 0x000001CD6229DF30&amp;gt;\ndriver = &amp;lt;selenium.webdriver.chrome.webdriver.WebDriver (session=&amp;quot;6d1dc244127360cc142f44c71f81e5ac&amp;quot;)&amp;gt;\n\n    def test_add_to_cart_with_string_qty(self, driver):\n        driver.get(BASE_URL)\n        # \u0110i\u1ec1u h\u01b0\u1edbng \u0111\u1ebfn trang chi ti\u1ebft s\u1ea3n ph\u1ea9m\n        add_to_cart = AddToCart(driver)\n        add_to_cart.navigation_to_details_page(43)\n        time.sleep(3)\n    \n        # Thi\u1ebft l\u1eadp s\u1ed1 l\u01b0\u1ee3ng v\u00e0 th\u00eam s\u1ea3n ph\u1ea9m v\u00e0o gi\u1ecf h\u00e0ng\n        add_to_cart.qty_product(&amp;#x27;abc&amp;#x27;)  # C\u00e0i \u0111\u1eb7t s\u1ed1 l\u01b0\u1ee3ng\n        add_to_cart.add_to_cart()    # Th\u00eam v\u00e0o gi\u1ecf h\u00e0ng\n    \n        # Ki\u1ec3m tra th\u00f4ng b\u00e1o th\u00e0nh c\u00f4ng sau khi th\u00eam v\u00e0o gi\u1ecf h\u00e0ng\n        expected_message = f&amp;quot;Waring: Please enter a valid quantity for {add_to_cart.get_product_name_in_details()}!&amp;quot;\n&amp;gt;       assert add_to_cart.get_error_add_to_cart() == expected_message, (\n            f&amp;quot;Expected message: &amp;#x27;{expected_message}&amp;#x27;, but got: &amp;#x27;{add_to_cart.get_error_add_to_cart()}&amp;#x27;&amp;quot;\n        )\n\ntests\\test_add_to_cart.py:79: \n_ _ _ _ _ _ _ _ _ _ _ _ _ _ _ _ _ _ _ _ _ _ _ _ _ _ _ _ _ _ _ _ _ _ _ _ _ _ _ _ _ _ _ _ _ _ _ _ _ _ _ _ _ _ _ _ _ _ _ _ _ _ _ _ _ _ _ _ _ _ _ _ _ _ _ _ _ _ _ _ _ _ _ _ \npages\\add_to_cart_page.py:90: in get_error_add_to_cart\n    return self.driver.find_element(By.XPATH, &amp;quot;//div[contains(@class, &amp;#x27;alert-danger&amp;#x27;)]&amp;quot;).text\nC:\\Users\\PC\\AppData\\Local\\Programs\\Python\\Python313\\Lib\\site-packages\\selenium\\webdriver\\remote\\webdriver.py:766: in find_element\n    return self.execute(Command.FIND_ELEMENT, {&amp;quot;using&amp;quot;: by, &amp;quot;value&amp;quot;: value})[&amp;quot;value&amp;quot;]\nC:\\Users\\PC\\AppData\\Local\\Programs\\Python\\Python313\\Lib\\site-packages\\selenium\\webdriver\\remote\\webdriver.py:380: in execute\n    self.error_handler.check_response(response)\n_ _ _ _ _ _ _ _ _ _ _ _ _ _ _ _ _ _ _ _ _ _ _ _ _ _ _ _ _ _ _ _ _ _ _ _ _ _ _ _ _ _ _ _ _ _ _ _ _ _ _ _ _ _ _ _ _ _ _ _ _ _ _ _ _ _ _ _ _ _ _ _ _ _ _ _ _ _ _ _ _ _ _ _ \n\nself = &amp;lt;selenium.webdriver.remote.errorhandler.ErrorHandler object at 0x000001CD62465940&amp;gt;\nresponse = {&amp;#x27;status&amp;#x27;: 404, &amp;#x27;value&amp;#x27;: &amp;#x27;{&amp;quot;value&amp;quot;:{&amp;quot;error&amp;quot;:&amp;quot;no such element&amp;quot;,&amp;quot;message&amp;quot;:&amp;quot;no such element: Unable to locate element: {\\...07FF79DF00149]\\\\n\\\\tBaseThreadInitThunk [0x00007FFED480257D+29]\\\\n\\\\tRtlUserThreadStart [0x00007FFED614AF08+40]\\\\n&amp;quot;}}&amp;#x27;}\n\n    def check_response(self, response: Dict[str, Any]) -&amp;gt; None:\n        &amp;quot;&amp;quot;&amp;quot;Checks that a JSON response from the WebDriver does not have an\n        error.\n    \n        :Args:\n         - response - The JSON response from the WebDriver server as a dictionary\n           object.\n    \n        :Raises: If the response contains an error message.\n        &amp;quot;&amp;quot;&amp;quot;\n        status = response.get(&amp;quot;status&amp;quot;, None)\n        if not status or status == ErrorCode.SUCCESS:\n            return\n        value = None\n        message = response.get(&amp;quot;message&amp;quot;, &amp;quot;&amp;quot;)\n        screen: str = response.get(&amp;quot;screen&amp;quot;, &amp;quot;&amp;quot;)\n        stacktrace = None\n        if isinstance(status, int):\n            value_json = response.get(&amp;quot;value&amp;quot;, None)\n            if value_json and isinstance(value_json, str):\n                import json\n    \n                try:\n                    value = json.loads(value_json)\n                    if len(value) == 1:\n                        value = value[&amp;quot;value&amp;quot;]\n                    status = value.get(&amp;quot;error&amp;quot;, None)\n                    if not status:\n                        status = value.get(&amp;quot;status&amp;quot;, ErrorCode.UNKNOWN_ERROR)\n                        message = value.get(&amp;quot;value&amp;quot;) or value.get(&amp;quot;message&amp;quot;)\n                        if not isinstance(message, str):\n                            value = message\n                            message = message.get(&amp;quot;message&amp;quot;)\n                    else:\n                        message = value.get(&amp;quot;message&amp;quot;, None)\n                except ValueError:\n                    pass\n    \n        exception_class: Type[WebDriverException]\n        e = ErrorCode()\n        error_codes = [item for item in dir(e) if not item.startswith(&amp;quot;__&amp;quot;)]\n        for error_code in error_codes:\n            error_info = getattr(ErrorCode, error_code)\n            if isinstance(error_info, list) and status in error_info:\n                exception_class = getattr(ExceptionMapping, error_code, WebDriverException)\n                break\n        else:\n            exception_class = WebDriverException\n    \n        if not value:\n            value = response[&amp;quot;value&amp;quot;]\n        if isinstance(value, str):\n            raise exception_class(value)\n        if message == &amp;quot;&amp;quot; and &amp;quot;message&amp;quot; in value:\n            message = value[&amp;quot;message&amp;quot;]\n    \n        screen = None  # type: ignore[assignment]\n        if &amp;quot;screen&amp;quot; in value:\n            screen = value[&amp;quot;screen&amp;quot;]\n    \n        stacktrace = None\n        st_value = value.get(&amp;quot;stackTrace&amp;quot;) or value.get(&amp;quot;stacktrace&amp;quot;)\n        if st_value:\n            if isinstance(st_value, str):\n                stacktrace = st_value.split(&amp;quot;\\n&amp;quot;)\n            else:\n                stacktrace = []\n                try:\n                    for frame in st_value:\n                        line = frame.get(&amp;quot;lineNumber&amp;quot;, &amp;quot;&amp;quot;)\n                        file = frame.get(&amp;quot;fileName&amp;quot;, &amp;quot;&amp;lt;anonymous&amp;gt;&amp;quot;)\n                        if line:\n                            file = f&amp;quot;{file}:{line}&amp;quot;\n                        meth = frame.get(&amp;quot;methodName&amp;quot;, &amp;quot;&amp;lt;anonymous&amp;gt;&amp;quot;)\n                        if &amp;quot;className&amp;quot; in frame:\n                            meth = f&amp;quot;{frame[&amp;#x27;className&amp;#x27;]}.{meth}&amp;quot;\n                        msg = &amp;quot;    at %s (%s)&amp;quot;\n                        msg = msg % (meth, file)\n                        stacktrace.append(msg)\n                except TypeError:\n                    pass\n        if exception_class == UnexpectedAlertPresentException:\n            alert_text = None\n            if &amp;quot;data&amp;quot; in value:\n                alert_text = value[&amp;quot;data&amp;quot;].get(&amp;quot;text&amp;quot;)\n            elif &amp;quot;alert&amp;quot; in value:\n                alert_text = value[&amp;quot;alert&amp;quot;].get(&amp;quot;text&amp;quot;)\n            raise exception_class(message, screen, stacktrace, alert_text)  # type: ignore[call-arg]  # mypy is not smart enough here\n&amp;gt;       raise exception_class(message, screen, stacktrace)\nE       selenium.common.exceptions.NoSuchElementException: Message: no such element: Unable to locate element: {&amp;quot;method&amp;quot;:&amp;quot;xpath&amp;quot;,&amp;quot;selector&amp;quot;:&amp;quot;//div[contains(@class, &amp;#x27;alert-danger&amp;#x27;)]&amp;quot;}\nE         (Session info: chrome=130.0.6723.117); For documentation on this error, please visit: https://www.selenium.dev/documentation/webdriver/troubleshooting/errors#no-such-element-exception\nE       Stacktrace:\nE       \tGetHandleVerifier [0x00007FF79E2738A5+3004357]\nE       \t(No symbol) [0x00007FF79DF09970]\nE       \t(No symbol) [0x00007FF79DDB582A]\nE       \t(No symbol) [0x00007FF79DE05B8E]\nE       \t(No symbol) [0x00007FF79DE05E7C]\nE       \t(No symbol) [0x00007FF79DE4EC27]\nE       \t(No symbol) [0x00007FF79DE2BC1F]\nE       \t(No symbol) [0x00007FF79DE4BA4C]\nE       \t(No symbol) [0x00007FF79DE2B983]\nE       \t(No symbol) [0x00007FF79DDF7628]\nE       \t(No symbol) [0x00007FF79DDF8791]\nE       \tGetHandleVerifier [0x00007FF79E29A00D+3161901]\nE       \tGetHandleVerifier [0x00007FF79E2EE060+3506048]\nE       \tGetHandleVerifier [0x00007FF79E2E400D+3465005]\nE       \tGetHandleVerifier [0x00007FF79E060EEB+830987]\nE       \t(No symbol) [0x00007FF79DF1467F]\nE       \t(No symbol) [0x00007FF79DF109D4]\nE       \t(No symbol) [0x00007FF79DF10B6D]\nE       \t(No symbol) [0x00007FF79DF00149]\nE       \tBaseThreadInitThunk [0x00007FFED480257D+29]\nE       \tRtlUserThreadStart [0x00007FFED614AF08+40]\n\nC:\\Users\\PC\\AppData\\Local\\Programs\\Python\\Python313\\Lib\\site-packages\\selenium\\webdriver\\remote\\errorhandler.py:229: NoSuchElementException\n&#34;}], &#34;tests/test_add_to_cart.py::TestAddToCart::test_add_to_cart_with_negative_qty&#34;: [{&#34;extras&#34;: [], &#34;result&#34;: &#34;Failed&#34;, &#34;testId&#34;: &#34;tests/test_add_to_cart.py::TestAddToCart::test_add_to_cart_with_negative_qty&#34;, &#34;duration&#34;: &#34;00:00:10&#34;, &#34;resultsTableRow&#34;: [&#34;&lt;td class=\&#34;col-result\&#34;&gt;Failed&lt;/td&gt;&#34;, &#34;&lt;td class=\&#34;col-testId\&#34;&gt;tests/test_add_to_cart.py::TestAddToCart::test_add_to_cart_with_negative_qty&lt;/td&gt;&#34;, &#34;&lt;td class=\&#34;col-duration\&#34;&gt;00:00:10&lt;/td&gt;&#34;, &#34;&lt;td class=\&#34;col-links\&#34;&gt;&lt;/td&gt;&#34;], &#34;log&#34;: &#34;self = &amp;lt;test_add_to_cart.TestAddToCart object at 0x000001CD6232FAD0&amp;gt;\ndriver = &amp;lt;selenium.webdriver.chrome.webdriver.WebDriver (session=&amp;quot;baee1f21f13e2d057380b8b23f3f2b86&amp;quot;)&amp;gt;\n\n    def test_add_to_cart_with_negative_qty(self, driver):\n        driver.get(BASE_URL)\n        # \u0110i\u1ec1u h\u01b0\u1edbng \u0111\u1ebfn trang chi ti\u1ebft s\u1ea3n ph\u1ea9m\n        add_to_cart = AddToCart(driver)\n        add_to_cart.navigation_to_details_page(43)\n        time.sleep(3)\n    \n        # Thi\u1ebft l\u1eadp s\u1ed1 l\u01b0\u1ee3ng v\u00e0 th\u00eam s\u1ea3n ph\u1ea9m v\u00e0o gi\u1ecf h\u00e0ng\n        add_to_cart.qty_product(-1)  # C\u00e0i \u0111\u1eb7t s\u1ed1 l\u01b0\u1ee3ng\n        add_to_cart.add_to_cart()    # Th\u00eam v\u00e0o gi\u1ecf h\u00e0ng\n    \n        # Ki\u1ec3m tra th\u00f4ng b\u00e1othane cong sau khi them vao gio hang\n        expected_message = f&amp;quot;Waring: Please enter a valid quantity for {add_to_cart.get_product_price_in_details()}!&amp;quot;\n&amp;gt;       assert add_to_cart.get_error_add_to_cart() == expected_message, (\n            f&amp;quot;Expected message: &amp;#x27;{expected_message}&amp;#x27;, but got: &amp;#x27;{add_to_cart.get_error_add_to_cart()}&amp;#x27;&amp;quot;\n        )\n\ntests\\test_add_to_cart.py:97: \n_ _ _ _ _ _ _ _ _ _ _ _ _ _ _ _ _ _ _ _ _ _ _ _ _ _ _ _ _ _ _ _ _ _ _ _ _ _ _ _ _ _ _ _ _ _ _ _ _ _ _ _ _ _ _ _ _ _ _ _ _ _ _ _ _ _ _ _ _ _ _ _ _ _ _ _ _ _ _ _ _ _ _ _ \npages\\add_to_cart_page.py:90: in get_error_add_to_cart\n    return self.driver.find_element(By.XPATH, &amp;quot;//div[contains(@class, &amp;#x27;alert-danger&amp;#x27;)]&amp;quot;).text\nC:\\Users\\PC\\AppData\\Local\\Programs\\Python\\Python313\\Lib\\site-packages\\selenium\\webdriver\\remote\\webdriver.py:766: in find_element\n    return self.execute(Command.FIND_ELEMENT, {&amp;quot;using&amp;quot;: by, &amp;quot;value&amp;quot;: value})[&amp;quot;value&amp;quot;]\nC:\\Users\\PC\\AppData\\Local\\Programs\\Python\\Python313\\Lib\\site-packages\\selenium\\webdriver\\remote\\webdriver.py:380: in execute\n    self.error_handler.check_response(response)\n_ _ _ _ _ _ _ _ _ _ _ _ _ _ _ _ _ _ _ _ _ _ _ _ _ _ _ _ _ _ _ _ _ _ _ _ _ _ _ _ _ _ _ _ _ _ _ _ _ _ _ _ _ _ _ _ _ _ _ _ _ _ _ _ _ _ _ _ _ _ _ _ _ _ _ _ _ _ _ _ _ _ _ _ \n\nself = &amp;lt;selenium.webdriver.remote.errorhandler.ErrorHandler object at 0x000001CD62466780&amp;gt;\nresponse = {&amp;#x27;status&amp;#x27;: 404, &amp;#x27;value&amp;#x27;: &amp;#x27;{&amp;quot;value&amp;quot;:{&amp;quot;error&amp;quot;:&amp;quot;no such element&amp;quot;,&amp;quot;message&amp;quot;:&amp;quot;no such element: Unable to locate element: {\\...07FF79DF00149]\\\\n\\\\tBaseThreadInitThunk [0x00007FFED480257D+29]\\\\n\\\\tRtlUserThreadStart [0x00007FFED614AF08+40]\\\\n&amp;quot;}}&amp;#x27;}\n\n    def check_response(self, response: Dict[str, Any]) -&amp;gt; None:\n        &amp;quot;&amp;quot;&amp;quot;Checks that a JSON response from the WebDriver does not have an\n        error.\n    \n        :Args:\n         - response - The JSON response from the WebDriver server as a dictionary\n           object.\n    \n        :Raises: If the response contains an error message.\n        &amp;quot;&amp;quot;&amp;quot;\n        status = response.get(&amp;quot;status&amp;quot;, None)\n        if not status or status == ErrorCode.SUCCESS:\n            return\n        value = None\n        message = response.get(&amp;quot;message&amp;quot;, &amp;quot;&amp;quot;)\n        screen: str = response.get(&amp;quot;screen&amp;quot;, &amp;quot;&amp;quot;)\n        stacktrace = None\n        if isinstance(status, int):\n            value_json = response.get(&amp;quot;value&amp;quot;, None)\n            if value_json and isinstance(value_json, str):\n                import json\n    \n                try:\n                    value = json.loads(value_json)\n                    if len(value) == 1:\n                        value = value[&amp;quot;value&amp;quot;]\n                    status = value.get(&amp;quot;error&amp;quot;, None)\n                    if not status:\n                        status = value.get(&amp;quot;status&amp;quot;, ErrorCode.UNKNOWN_ERROR)\n                        message = value.get(&amp;quot;value&amp;quot;) or value.get(&amp;quot;message&amp;quot;)\n                        if not isinstance(message, str):\n                            value = message\n                            message = message.get(&amp;quot;message&amp;quot;)\n                    else:\n                        message = value.get(&amp;quot;message&amp;quot;, None)\n                except ValueError:\n                    pass\n    \n        exception_class: Type[WebDriverException]\n        e = ErrorCode()\n        error_codes = [item for item in dir(e) if not item.startswith(&amp;quot;__&amp;quot;)]\n        for error_code in error_codes:\n            error_info = getattr(ErrorCode, error_code)\n            if isinstance(error_info, list) and status in error_info:\n                exception_class = getattr(ExceptionMapping, error_code, WebDriverException)\n                break\n        else:\n            exception_class = WebDriverException\n    \n        if not value:\n            value = response[&amp;quot;value&amp;quot;]\n        if isinstance(value, str):\n            raise exception_class(value)\n        if message == &amp;quot;&amp;quot; and &amp;quot;message&amp;quot; in value:\n            message = value[&amp;quot;message&amp;quot;]\n    \n        screen = None  # type: ignore[assignment]\n        if &amp;quot;screen&amp;quot; in value:\n            screen = value[&amp;quot;screen&amp;quot;]\n    \n        stacktrace = None\n        st_value = value.get(&amp;quot;stackTrace&amp;quot;) or value.get(&amp;quot;stacktrace&amp;quot;)\n        if st_value:\n            if isinstance(st_value, str):\n                stacktrace = st_value.split(&amp;quot;\\n&amp;quot;)\n            else:\n                stacktrace = []\n                try:\n                    for frame in st_value:\n                        line = frame.get(&amp;quot;lineNumber&amp;quot;, &amp;quot;&amp;quot;)\n                        file = frame.get(&amp;quot;fileName&amp;quot;, &amp;quot;&amp;lt;anonymous&amp;gt;&amp;quot;)\n                        if line:\n                            file = f&amp;quot;{file}:{line}&amp;quot;\n                        meth = frame.get(&amp;quot;methodName&amp;quot;, &amp;quot;&amp;lt;anonymous&amp;gt;&amp;quot;)\n                        if &amp;quot;className&amp;quot; in frame:\n                            meth = f&amp;quot;{frame[&amp;#x27;className&amp;#x27;]}.{meth}&amp;quot;\n                        msg = &amp;quot;    at %s (%s)&amp;quot;\n                        msg = msg % (meth, file)\n                        stacktrace.append(msg)\n                except TypeError:\n                    pass\n        if exception_class == UnexpectedAlertPresentException:\n            alert_text = None\n            if &amp;quot;data&amp;quot; in value:\n                alert_text = value[&amp;quot;data&amp;quot;].get(&amp;quot;text&amp;quot;)\n            elif &amp;quot;alert&amp;quot; in value:\n                alert_text = value[&amp;quot;alert&amp;quot;].get(&amp;quot;text&amp;quot;)\n            raise exception_class(message, screen, stacktrace, alert_text)  # type: ignore[call-arg]  # mypy is not smart enough here\n&amp;gt;       raise exception_class(message, screen, stacktrace)\nE       selenium.common.exceptions.NoSuchElementException: Message: no such element: Unable to locate element: {&amp;quot;method&amp;quot;:&amp;quot;xpath&amp;quot;,&amp;quot;selector&amp;quot;:&amp;quot;//div[contains(@class, &amp;#x27;alert-danger&amp;#x27;)]&amp;quot;}\nE         (Session info: chrome=130.0.6723.117); For documentation on this error, please visit: https://www.selenium.dev/documentation/webdriver/troubleshooting/errors#no-such-element-exception\nE       Stacktrace:\nE       \tGetHandleVerifier [0x00007FF79E2738A5+3004357]\nE       \t(No symbol) [0x00007FF79DF09970]\nE       \t(No symbol) [0x00007FF79DDB582A]\nE       \t(No symbol) [0x00007FF79DE05B8E]\nE       \t(No symbol) [0x00007FF79DE05E7C]\nE       \t(No symbol) [0x00007FF79DE4EC27]\nE       \t(No symbol) [0x00007FF79DE2BC1F]\nE       \t(No symbol) [0x00007FF79DE4BA4C]\nE       \t(No symbol) [0x00007FF79DE2B983]\nE       \t(No symbol) [0x00007FF79DDF7628]\nE       \t(No symbol) [0x00007FF79DDF8791]\nE       \tGetHandleVerifier [0x00007FF79E29A00D+3161901]\nE       \tGetHandleVerifier [0x00007FF79E2EE060+3506048]\nE       \tGetHandleVerifier [0x00007FF79E2E400D+3465005]\nE       \tGetHandleVerifier [0x00007FF79E060EEB+830987]\nE       \t(No symbol) [0x00007FF79DF1467F]\nE       \t(No symbol) [0x00007FF79DF109D4]\nE       \t(No symbol) [0x00007FF79DF10B6D]\nE       \t(No symbol) [0x00007FF79DF00149]\nE       \tBaseThreadInitThunk [0x00007FFED480257D+29]\nE       \tRtlUserThreadStart [0x00007FFED614AF08+40]\n\nC:\\Users\\PC\\AppData\\Local\\Programs\\Python\\Python313\\Lib\\site-packages\\selenium\\webdriver\\remote\\errorhandler.py:229: NoSuchElementException\n&#34;}], &#34;tests/test_add_to_cart.py::TestAddToCart::test_add_to_cart_view_items&#34;: [{&#34;extras&#34;: [], &#34;result&#34;: &#34;Passed&#34;, &#34;testId&#34;: &#34;tests/test_add_to_cart.py::TestAddToCart::test_add_to_cart_view_items&#34;, &#34;duration&#34;: &#34;00:00:24&#34;, &#34;resultsTableRow&#34;: [&#34;&lt;td class=\&#34;col-result\&#34;&gt;Passed&lt;/td&gt;&#34;, &#34;&lt;td class=\&#34;col-testId\&#34;&gt;tests/test_add_to_cart.py::TestAddToCart::test_add_to_cart_view_items&lt;/td&gt;&#34;, &#34;&lt;td class=\&#34;col-duration\&#34;&gt;00:00:24&lt;/td&gt;&#34;, &#34;&lt;td class=\&#34;col-links\&#34;&gt;&lt;/td&gt;&#34;], &#34;log&#34;: &#34;No log output captured.&#34;}], &#34;tests/test_add_to_cart.py::TestAddToCart::test_add_to_cart_shopping_cart&#34;: [{&#34;extras&#34;: [], &#34;result&#34;: &#34;Passed&#34;, &#34;testId&#34;: &#34;tests/test_add_to_cart.py::TestAddToCart::test_add_to_cart_shopping_cart&#34;, &#34;duration&#34;: &#34;00:00:24&#34;, &#34;resultsTableRow&#34;: [&#34;&lt;td class=\&#34;col-result\&#34;&gt;Passed&lt;/td&gt;&#34;, &#34;&lt;td class=\&#34;col-testId\&#34;&gt;tests/test_add_to_cart.py::TestAddToCart::test_add_to_cart_shopping_cart&lt;/td&gt;&#34;, &#34;&lt;td class=\&#34;col-duration\&#34;&gt;00:00:24&lt;/td&gt;&#34;, &#34;&lt;td class=\&#34;col-links\&#34;&gt;&lt;/td&gt;&#34;], &#34;log&#34;: &#34;No log output captured.&#34;}], &#34;tests/test_add_to_cart.py::TestAddToCart::test_add_to_cart_multiple_products_in_shopping_cart&#34;: [{&#34;extras&#34;: [], &#34;result&#34;: &#34;Failed&#34;, &#34;testId&#34;: &#34;tests/test_add_to_cart.py::TestAddToCart::test_add_to_cart_multiple_products_in_shopping_cart&#34;, &#34;duration&#34;: &#34;00:00:33&#34;, &#34;resultsTableRow&#34;: [&#34;&lt;td class=\&#34;col-result\&#34;&gt;Failed&lt;/td&gt;&#34;, &#34;&lt;td class=\&#34;col-testId\&#34;&gt;tests/test_add_to_cart.py::TestAddToCart::test_add_to_cart_multiple_products_in_shopping_cart&lt;/td&gt;&#34;, &#34;&lt;td class=\&#34;col-duration\&#34;&gt;00:00:33&lt;/td&gt;&#34;, &#34;&lt;td class=\&#34;col-links\&#34;&gt;&lt;/td&gt;&#34;], &#34;log&#34;: &#34;self = &amp;lt;test_add_to_cart.TestAddToCart object at 0x000001CD62370050&amp;gt;\ndriver = &amp;lt;selenium.webdriver.chrome.webdriver.WebDriver (session=&amp;quot;45f8f1e859043eb392d0c36ff6fe914c&amp;quot;)&amp;gt;\n\n    def test_add_to_cart_multiple_products_in_shopping_cart(self, driver):\n    # M\u1edf trang ch\u00ednh\n        driver.get(BASE_URL)\n        add_to_cart = AddToCart(driver)\n    \n        # Danh s\u00e1ch s\u1ea3n ph\u1ea9m c\u1ea7n th\u00eam v\u00e0o gi\u1ecf h\u00e0ng\n        products = [\n            {&amp;quot;product_id&amp;quot;: 43, &amp;quot;quantity&amp;quot;: 1},\n            {&amp;quot;product_id&amp;quot;: 44, &amp;quot;quantity&amp;quot;: 2},\n            {&amp;quot;product_id&amp;quot;: 45, &amp;quot;quantity&amp;quot;: 3},\n        ]\n    \n        for product in products:\n            # \u0110i\u1ec1u h\u01b0\u1edbng \u0111\u1ebfn trang chi ti\u1ebft s\u1ea3n ph\u1ea9m\n            add_to_cart.navigation_to_details_page(product[&amp;quot;product_id&amp;quot;])\n            product_name_in_details = add_to_cart.get_product_name_in_details().strip()\n            product_price_in_details = add_to_cart.get_product_price_in_details()\n    \n            time.sleep(3)  # \u0110\u1ee3i trang t\u1ea3i\n            add_to_cart.qty_product(product[&amp;quot;quantity&amp;quot;])  # Ch\u1ecdn s\u1ed1 l\u01b0\u1ee3ng s\u1ea3n ph\u1ea9m\n            add_to_cart.add_to_cart()  # Th\u00eam v\u00e0o gi\u1ecf h\u00e0ng\n            time.sleep(5)  # \u0110\u1ee3i gi\u1ecf h\u00e0ng c\u1eadp nh\u1eadt\n    \n            # \u0110i\u1ec1u h\u01b0\u1edbng \u0111\u1ebfn gi\u1ecf h\u00e0ng\n            add_to_cart.navigation_to_shopping_cart()\n    \n            # L\u1ea5y t\u1ea5t c\u1ea3 t\u00ean s\u1ea3n ph\u1ea9m trong gi\u1ecf h\u00e0ng v\u00e0o m\u1ed9t m\u1ea3ng\n            cart_product_names = add_to_cart.get_all_product_names_in_shopping_cart()\n    \n            # In ra danh s\u00e1ch t\u00ean s\u1ea3n ph\u1ea9m trong gi\u1ecf h\u00e0ng\n            print(&amp;quot;S\u1ea3n ph\u1ea9m trong gi\u1ecf h\u00e0ng:&amp;quot;, cart_product_names)\n    \n            # Ki\u1ec3m tra xem t\u00ean s\u1ea3n ph\u1ea9m chi ti\u1ebft c\u00f3 trong gi\u1ecf h\u00e0ng kh\u00f4ng\n            assert product_name_in_details in cart_product_names, f&amp;quot;S\u1ea3n ph\u1ea9m &amp;#x27;{product_name_in_details}&amp;#x27; kh\u00f4ng c\u00f3 trong gi\u1ecf h\u00e0ng.&amp;quot;\n    \n            # L\u1ea5y gi\u00e1 s\u1ea3n ph\u1ea9m trong gi\u1ecf h\u00e0ng\n            product_price = add_to_cart.get_product_price_in_shopping_cart()\n    \n            # Chuy\u1ec3n \u0111\u1ed5i gi\u00e1 th\u00e0nh ki\u1ec3u s\u1ed1 \u0111\u1ec3 so s\u00e1nh\n            product_price_value = float(product_price_in_details.replace(&amp;#x27;$&amp;#x27;, &amp;#x27;&amp;#x27;).replace(&amp;#x27;,&amp;#x27;, &amp;#x27;&amp;#x27;).strip())\n            product_price_per_unit = float(product_price.replace(&amp;#x27;$&amp;#x27;, &amp;#x27;&amp;#x27;).replace(&amp;#x27;,&amp;#x27;, &amp;#x27;&amp;#x27;).strip())\n    \n            # T\u00ednh to\u00e1n gi\u00e1 tr\u1ecb t\u1ed5ng d\u1ef1 ki\u1ebfn\n            expected_total_price = product_price_per_unit * product[&amp;quot;quantity&amp;quot;]\n    \n            # Ki\u1ec3m tra gi\u00e1 tr\u1ecb t\u1ed5ng\n&amp;gt;           assert expected_total_price == product_price_value, f&amp;quot;Gi\u00e1 tr\u1ecb t\u1ed5ng kh\u00f4ng kh\u1edbp: D\u1ef1 ki\u1ebfn {expected_total_price}, th\u1ef1c t\u1ebf {product_price_value}&amp;quot;\nE           AssertionError: Gi\u00e1 tr\u1ecb t\u1ed5ng kh\u00f4ng kh\u1edbp: D\u1ef1 ki\u1ebfn 1204.0, th\u1ef1c t\u1ebf 1202.0\nE           assert 1204.0 == 1202.0\n\ntests\\test_add_to_cart.py:183: AssertionError\n\n----------------------------- Captured stdout call -----------------------------\nS\u1ea3n ph\u1ea9m trong gi\u1ecf h\u00e0ng: [&amp;#x27;MacBook&amp;#x27;]\nS\u1ea3n ph\u1ea9m trong gi\u1ecf h\u00e0ng: [&amp;#x27;MacBook&amp;#x27;, &amp;#x27;MacBook Air&amp;#x27;]\n&#34;}], &#34;tests/test_add_to_cart.py::TestAddToCart::test_add_to_cart_multiple_products_in_view_items&#34;: [{&#34;extras&#34;: [], &#34;result&#34;: &#34;Failed&#34;, &#34;testId&#34;: &#34;tests/test_add_to_cart.py::TestAddToCart::test_add_to_cart_multiple_products_in_view_items&#34;, &#34;duration&#34;: &#34;00:00:33&#34;, &#34;resultsTableRow&#34;: [&#34;&lt;td class=\&#34;col-result\&#34;&gt;Failed&lt;/td&gt;&#34;, &#34;&lt;td class=\&#34;col-testId\&#34;&gt;tests/test_add_to_cart.py::TestAddToCart::test_add_to_cart_multiple_products_in_view_items&lt;/td&gt;&#34;, &#34;&lt;td class=\&#34;col-duration\&#34;&gt;00:00:33&lt;/td&gt;&#34;, &#34;&lt;td class=\&#34;col-links\&#34;&gt;&lt;/td&gt;&#34;], &#34;log&#34;: &#34;self = &amp;lt;test_add_to_cart.TestAddToCart object at 0x000001CD62370650&amp;gt;\ndriver = &amp;lt;selenium.webdriver.chrome.webdriver.WebDriver (session=&amp;quot;1ad037cd8b5a05b29c31c72d1d7af5a1&amp;quot;)&amp;gt;\n\n    def test_add_to_cart_multiple_products_in_view_items(self, driver):\n    # M\u1edf trang ch\u00ednh\n        driver.get(BASE_URL)\n        add_to_cart = AddToCart(driver)\n    \n        # Danh s\u00e1ch s\u1ea3n ph\u1ea9m c\u1ea7n th\u00eam v\u00e0o gi\u1ecf h\u00e0ng\n        products = [\n            {&amp;quot;product_id&amp;quot;: 43, &amp;quot;quantity&amp;quot;: 1},\n            {&amp;quot;product_id&amp;quot;: 44, &amp;quot;quantity&amp;quot;: 2},\n            {&amp;quot;product_id&amp;quot;: 45, &amp;quot;quantity&amp;quot;: 3},\n        ]\n    \n        for product in products:\n            # \u0110i\u1ec1u h\u01b0\u1edbng \u0111\u1ebfn trang chi ti\u1ebft s\u1ea3n ph\u1ea9m\n            add_to_cart.navigation_to_details_page(product[&amp;quot;product_id&amp;quot;])\n            product_name_in_details = add_to_cart.get_product_name_in_details().strip()\n            product_price_in_details = add_to_cart.get_product_price_in_details()\n    \n            time.sleep(3)  # \u0110\u1ee3i trang t\u1ea3i\n            add_to_cart.qty_product(product[&amp;quot;quantity&amp;quot;])  # Ch\u1ecdn s\u1ed1 l\u01b0\u1ee3ng s\u1ea3n ph\u1ea9m\n            add_to_cart.add_to_cart()  # Th\u00eam v\u00e0o gi\u1ecf h\u00e0ng\n            time.sleep(5)  # \u0110\u1ee3i gi\u1ecf h\u00e0ng c\u1eadp nh\u1eadt\n    \n            # \u0110i\u1ec1u h\u01b0\u1edbng \u0111\u1ebfn gi\u1ecf h\u00e0ng\n            add_to_cart.navigation_to_view_items()\n    \n            # L\u1ea5y t\u1ea5t c\u1ea3 t\u00ean s\u1ea3n ph\u1ea9m trong gi\u1ecf h\u00e0ng v\u00e0o m\u1ed9t m\u1ea3ng\n            cart_product_names = add_to_cart.get_alL_product_name_in_view_items()\n    \n            # In ra danh s\u00e1ch t\u00ean s\u1ea3n ph\u1ea9m trong gi\u1ecf h\u00e0ng\n            print(&amp;quot;S\u1ea3n ph\u1ea9m trong gi\u1ecf h\u00e0ng:&amp;quot;, cart_product_names)\n    \n            # Ki\u1ec3m tra xem t\u00ean s\u1ea3n ph\u1ea9m chi ti\u1ebft c\u00f3 trong gi\u1ecf h\u00e0ng kh\u00f4ng\n            assert product_name_in_details in cart_product_names, f&amp;quot;S\u1ea3n ph\u1ea9m &amp;#x27;{product_name_in_details}&amp;#x27; kh\u00f4ng c\u00f3 trong gi\u1ecf h\u00e0ng.&amp;quot;\n    \n            # L\u1ea5y gi\u00e1 s\u1ea3n ph\u1ea9m trong gi\u1ecf h\u00e0ng\n            product_price = add_to_cart.get_product_price_in_view_items()\n    \n            # Chuy\u1ec3n \u0111\u1ed5i gi\u00e1 th\u00e0nh ki\u1ec3u s\u1ed1 \u0111\u1ec3 so s\u00e1nh\n            product_price_value = float(product_price_in_details.replace(&amp;#x27;$&amp;#x27;, &amp;#x27;&amp;#x27;).replace(&amp;#x27;,&amp;#x27;, &amp;#x27;&amp;#x27;).strip())\n            product_price_per_unit = float(product_price.replace(&amp;#x27;$&amp;#x27;, &amp;#x27;&amp;#x27;).replace(&amp;#x27;,&amp;#x27;, &amp;#x27;&amp;#x27;).strip())\n    \n            # T\u00ednh to\u00e1n gi\u00e1 tr\u1ecb t\u1ed5ng d\u1ef1 ki\u1ebfn\n            expected_total_price = product_price_per_unit * product[&amp;quot;quantity&amp;quot;]\n    \n            # Ki\u1ec3m tra gi\u00e1 tr\u1ecb t\u1ed5ng\n&amp;gt;           assert expected_total_price == product_price_value, f&amp;quot;Gi\u00e1 tr\u1ecb t\u1ed5ng kh\u00f4ng kh\u1edbp: D\u1ef1 ki\u1ebfn {expected_total_price}, th\u1ef1c t\u1ebf {product_price_value}&amp;quot;\nE           AssertionError: Gi\u00e1 tr\u1ecb t\u1ed5ng kh\u00f4ng kh\u1edbp: D\u1ef1 ki\u1ebfn 1204.0, th\u1ef1c t\u1ebf 1202.0\nE           assert 1204.0 == 1202.0\n\ntests\\test_add_to_cart.py:232: AssertionError\n\n----------------------------- Captured stdout call -----------------------------\nS\u1ea3n ph\u1ea9m trong gi\u1ecf h\u00e0ng: [&amp;#x27;MacBook&amp;#x27;]\nS\u1ea3n ph\u1ea9m trong gi\u1ecf h\u00e0ng: [&amp;#x27;MacBook&amp;#x27;, &amp;#x27;MacBook Air&amp;#x27;]\n&#34;}], &#34;tests/test_add_to_cart.py::TestAddToCart::test_remove_product_from_shopping_cart&#34;: [{&#34;extras&#34;: [], &#34;result&#34;: &#34;Passed&#34;, &#34;testId&#34;: &#34;tests/test_add_to_cart.py::TestAddToCart::test_remove_product_from_shopping_cart&#34;, &#34;duration&#34;: &#34;00:00:31&#34;, &#34;resultsTableRow&#34;: [&#34;&lt;td class=\&#34;col-result\&#34;&gt;Passed&lt;/td&gt;&#34;, &#34;&lt;td class=\&#34;col-testId\&#34;&gt;tests/test_add_to_cart.py::TestAddToCart::test_remove_product_from_shopping_cart&lt;/td&gt;&#34;, &#34;&lt;td class=\&#34;col-duration\&#34;&gt;00:00:31&lt;/td&gt;&#34;, &#34;&lt;td class=\&#34;col-links\&#34;&gt;&lt;/td&gt;&#34;], &#34;log&#34;: &#34;No log output captured.&#34;}], &#34;tests/test_add_to_cart.py::TestAddToCart::test_remove_product_from_view_items&#34;: [{&#34;extras&#34;: [], &#34;result&#34;: &#34;Passed&#34;, &#34;testId&#34;: &#34;tests/test_add_to_cart.py::TestAddToCart::test_remove_product_from_view_items&#34;, &#34;duration&#34;: &#34;00:00:30&#34;, &#34;resultsTableRow&#34;: [&#34;&lt;td class=\&#34;col-result\&#34;&gt;Passed&lt;/td&gt;&#34;, &#34;&lt;td class=\&#34;col-testId\&#34;&gt;tests/test_add_to_cart.py::TestAddToCart::test_remove_product_from_view_items&lt;/td&gt;&#34;, &#34;&lt;td class=\&#34;col-duration\&#34;&gt;00:00:30&lt;/td&gt;&#34;, &#34;&lt;td class=\&#34;col-links\&#34;&gt;&lt;/td&gt;&#34;], &#34;log&#34;: &#34;No log output captured.&#34;}], &#34;tests/test_checkout.py::TestCheckout::test_checkout_create_account&#34;: [{&#34;extras&#34;: [], &#34;result&#34;: &#34;Passed&#34;, &#34;testId&#34;: &#34;tests/test_checkout.py::TestCheckout::test_checkout_create_account&#34;, &#34;duration&#34;: &#34;00:00:19&#34;, &#34;resultsTableRow&#34;: [&#34;&lt;td class=\&#34;col-result\&#34;&gt;Passed&lt;/td&gt;&#34;, &#34;&lt;td class=\&#34;col-testId\&#34;&gt;tests/test_checkout.py::TestCheckout::test_checkout_create_account&lt;/td&gt;&#34;, &#34;&lt;td class=\&#34;col-duration\&#34;&gt;00:00:19&lt;/td&gt;&#34;, &#34;&lt;td class=\&#34;col-links\&#34;&gt;&lt;/td&gt;&#34;], &#34;log&#34;: &#34;No log output captured.&#34;}], &#34;tests/test_checkout.py::TestCheckout::test_checkout_success&#34;: [{&#34;extras&#34;: [], &#34;result&#34;: &#34;Passed&#34;, &#34;testId&#34;: &#34;tests/test_checkout.py::TestCheckout::test_checkout_success&#34;, &#34;duration&#34;: &#34;00:00:33&#34;, &#34;resultsTableRow&#34;: [&#34;&lt;td class=\&#34;col-result\&#34;&gt;Passed&lt;/td&gt;&#34;, &#34;&lt;td class=\&#34;col-testId\&#34;&gt;tests/test_checkout.py::TestCheckout::test_checkout_success&lt;/td&gt;&#34;, &#34;&lt;td class=\&#34;col-duration\&#34;&gt;00:00:33&lt;/td&gt;&#34;, &#34;&lt;td class=\&#34;col-links\&#34;&gt;&lt;/td&gt;&#34;], &#34;log&#34;: &#34;No log output captured.&#34;}], &#34;tests/test_checkout.py::TestCheckout::test_checkout_form_validation_blank&#34;: [{&#34;extras&#34;: [], &#34;result&#34;: &#34;Failed&#34;, &#34;testId&#34;: &#34;tests/test_checkout.py::TestCheckout::test_checkout_form_validation_blank&#34;, &#34;duration&#34;: &#34;00:00:29&#34;, &#34;resultsTableRow&#34;: [&#34;&lt;td class=\&#34;col-result\&#34;&gt;Failed&lt;/td&gt;&#34;, &#34;&lt;td class=\&#34;col-testId\&#34;&gt;tests/test_checkout.py::TestCheckout::test_checkout_form_validation_blank&lt;/td&gt;&#34;, &#34;&lt;td class=\&#34;col-duration\&#34;&gt;00:00:29&lt;/td&gt;&#34;, &#34;&lt;td class=\&#34;col-links\&#34;&gt;&lt;/td&gt;&#34;], &#34;log&#34;: &#34;self = &amp;lt;test_checkout.TestCheckout object at 0x000001CD6229DCD0&amp;gt;, driver = &amp;lt;selenium.webdriver.chrome.webdriver.WebDriver (session=&amp;quot;a57e43fca8afa5ffdf7d682bf2c9e5bd&amp;quot;)&amp;gt;\n\n    def test_checkout_form_validation_blank(self, driver):\n        # Navigate to the product details page and add product to cart\n        driver.get(BASE_URL)\n        checkout = Checkout(driver)\n        add_to_cart = AddToCart(driver)\n        add_to_cart.navigation_to_details_page(43)\n        add_to_cart.qty_product(2)\n        add_to_cart.add_to_cart()\n        time.sleep(5)\n    \n        # Navigate to checkout and fill out the form with blank fields\n        checkout.navigation_to_checkout()\n        checkout.fill_checkout_form_register_blank()\n    \n        # Get error messages\n&amp;gt;       error_messages = checkout.get_error_messages_address()\n\ntests\\test_checkout.py:72: \n_ _ _ _ _ _ _ _ _ _ _ _ _ _ _ _ _ _ _ _ _ _ _ _ _ _ _ _ _ _ _ _ _ _ _ _ _ _ _ _ _ _ _ _ _ _ _ _ _ _ _ _ _ _ _ _ _ _ _ _ _ _ _ _ _ _ _ _ _ _ _ _ _ _ _ _ _ _ _ _ _ _ _ _ \npages\\checkout_page.py:117: in get_error_messages_address\n    error_elements = WebDriverWait(self.driver, 10).until(\n_ _ _ _ _ _ _ _ _ _ _ _ _ _ _ _ _ _ _ _ _ _ _ _ _ _ _ _ _ _ _ _ _ _ _ _ _ _ _ _ _ _ _ _ _ _ _ _ _ _ _ _ _ _ _ _ _ _ _ _ _ _ _ _ _ _ _ _ _ _ _ _ _ _ _ _ _ _ _ _ _ _ _ _ \n\nself = &amp;lt;selenium.webdriver.support.wait.WebDriverWait (session=&amp;quot;a57e43fca8afa5ffdf7d682bf2c9e5bd&amp;quot;)&amp;gt;\nmethod = &amp;lt;function visibility_of_all_elements_located.&amp;lt;locals&amp;gt;._predicate at 0x000001CD62491080&amp;gt;, message = &amp;#x27;&amp;#x27;\n\n    def until(self, method: Callable[[D], Union[Literal[False], T]], message: str = &amp;quot;&amp;quot;) -&amp;gt; T:\n        &amp;quot;&amp;quot;&amp;quot;Calls the method provided with the driver as an argument until the \\\n        return value does not evaluate to ``False``.\n    \n        :param method: callable(WebDriver)\n        :param message: optional message for :exc:`TimeoutException`\n        :returns: the result of the last call to `method`\n        :raises: :exc:`selenium.common.exceptions.TimeoutException` if timeout occurs\n        &amp;quot;&amp;quot;&amp;quot;\n        screen = None\n        stacktrace = None\n    \n        end_time = time.monotonic() + self._timeout\n        while True:\n            try:\n                value = method(self._driver)\n                if value:\n                    return value\n            except self._ignored_exceptions as exc:\n                screen = getattr(exc, &amp;quot;screen&amp;quot;, None)\n                stacktrace = getattr(exc, &amp;quot;stacktrace&amp;quot;, None)\n            if time.monotonic() &amp;gt; end_time:\n                break\n            time.sleep(self._poll)\n&amp;gt;       raise TimeoutException(message, screen, stacktrace)\nE       selenium.common.exceptions.TimeoutException: Message:\n\nC:\\Users\\PC\\AppData\\Local\\Programs\\Python\\Python313\\Lib\\site-packages\\selenium\\webdriver\\support\\wait.py:105: TimeoutException\n&#34;}], &#34;tests/test_checkout.py::TestCheckout::test_checkout_form_validation_user&#34;: [{&#34;extras&#34;: [], &#34;result&#34;: &#34;Failed&#34;, &#34;testId&#34;: &#34;tests/test_checkout.py::TestCheckout::test_checkout_form_validation_user&#34;, &#34;duration&#34;: &#34;00:00:22&#34;, &#34;resultsTableRow&#34;: [&#34;&lt;td class=\&#34;col-result\&#34;&gt;Failed&lt;/td&gt;&#34;, &#34;&lt;td class=\&#34;col-testId\&#34;&gt;tests/test_checkout.py::TestCheckout::test_checkout_form_validation_user&lt;/td&gt;&#34;, &#34;&lt;td class=\&#34;col-duration\&#34;&gt;00:00:22&lt;/td&gt;&#34;, &#34;&lt;td class=\&#34;col-links\&#34;&gt;&lt;/td&gt;&#34;], &#34;log&#34;: &#34;self = &amp;lt;test_checkout.TestCheckout object at 0x000001CD6229F360&amp;gt;, driver = &amp;lt;selenium.webdriver.chrome.webdriver.WebDriver (session=&amp;quot;34042fc715dc174dc0c1c50faf0a0c03&amp;quot;)&amp;gt;\n\n    def test_checkout_form_validation_user(self, driver):\n        driver.get(BASE_URL)\n        checkout = Checkout(driver)\n        add_to_cart = AddToCart(driver)\n        # Create an instance of the LoginPage class\n        login_page = LoginPage(driver)\n        # Navigate to the login page\n        login_page.navigate_to_login_page()\n        # Fill in the login form with valid email and password\n        login_page.fill_login_form(&amp;quot;thanhhuyen101203@gmail.com&amp;quot;, &amp;quot;123123&amp;quot;)\n        # Wait for 3 seconds\n        time.sleep(3)\n    \n        # Navigate to the product details page and add product to cart\n        add_to_cart.navigation_to_details_page(40)\n        add_to_cart.qty_product(2)  # Set quantity\n        add_to_cart.add_to_cart()    # Add to cart\n        time.sleep(5)\n    \n        # Navigate to checkout and fill out the registration form\n        checkout.navigation_to_checkout()\n&amp;gt;       checkout.fill_checkout_form_user()\n\ntests\\test_checkout.py:102: \n_ _ _ _ _ _ _ _ _ _ _ _ _ _ _ _ _ _ _ _ _ _ _ _ _ _ _ _ _ _ _ _ _ _ _ _ _ _ _ _ _ _ _ _ _ _ _ _ _ _ _ _ _ _ _ _ _ _ _ _ _ _ _ _ _ _ _ _ _ _ _ _ _ _ _ _ _ _ _ _ _ _ _ _ \npages\\checkout_page.py:124: in fill_checkout_form_user\n    self.driver.find_element(By.ID, &amp;quot;input-firstname&amp;quot;).send_keys(&amp;quot;Huyen&amp;quot;)\nC:\\Users\\PC\\AppData\\Local\\Programs\\Python\\Python313\\Lib\\site-packages\\selenium\\webdriver\\remote\\webdriver.py:766: in find_element\n    return self.execute(Command.FIND_ELEMENT, {&amp;quot;using&amp;quot;: by, &amp;quot;value&amp;quot;: value})[&amp;quot;value&amp;quot;]\nC:\\Users\\PC\\AppData\\Local\\Programs\\Python\\Python313\\Lib\\site-packages\\selenium\\webdriver\\remote\\webdriver.py:380: in execute\n    self.error_handler.check_response(response)\n_ _ _ _ _ _ _ _ _ _ _ _ _ _ _ _ _ _ _ _ _ _ _ _ _ _ _ _ _ _ _ _ _ _ _ _ _ _ _ _ _ _ _ _ _ _ _ _ _ _ _ _ _ _ _ _ _ _ _ _ _ _ _ _ _ _ _ _ _ _ _ _ _ _ _ _ _ _ _ _ _ _ _ _ \n\nself = &amp;lt;selenium.webdriver.remote.errorhandler.ErrorHandler object at 0x000001CD628C01F0&amp;gt;\nresponse = {&amp;#x27;status&amp;#x27;: 404, &amp;#x27;value&amp;#x27;: &amp;#x27;{&amp;quot;value&amp;quot;:{&amp;quot;error&amp;quot;:&amp;quot;no such element&amp;quot;,&amp;quot;message&amp;quot;:&amp;quot;no such element: Unable to locate element: {\\...07FF79DF00149]\\\\n\\\\tBaseThreadInitThunk [0x00007FFED480257D+29]\\\\n\\\\tRtlUserThreadStart [0x00007FFED614AF08+40]\\\\n&amp;quot;}}&amp;#x27;}\n\n    def check_response(self, response: Dict[str, Any]) -&amp;gt; None:\n        &amp;quot;&amp;quot;&amp;quot;Checks that a JSON response from the WebDriver does not have an\n        error.\n    \n        :Args:\n         - response - The JSON response from the WebDriver server as a dictionary\n           object.\n    \n        :Raises: If the response contains an error message.\n        &amp;quot;&amp;quot;&amp;quot;\n        status = response.get(&amp;quot;status&amp;quot;, None)\n        if not status or status == ErrorCode.SUCCESS:\n            return\n        value = None\n        message = response.get(&amp;quot;message&amp;quot;, &amp;quot;&amp;quot;)\n        screen: str = response.get(&amp;quot;screen&amp;quot;, &amp;quot;&amp;quot;)\n        stacktrace = None\n        if isinstance(status, int):\n            value_json = response.get(&amp;quot;value&amp;quot;, None)\n            if value_json and isinstance(value_json, str):\n                import json\n    \n                try:\n                    value = json.loads(value_json)\n                    if len(value) == 1:\n                        value = value[&amp;quot;value&amp;quot;]\n                    status = value.get(&amp;quot;error&amp;quot;, None)\n                    if not status:\n                        status = value.get(&amp;quot;status&amp;quot;, ErrorCode.UNKNOWN_ERROR)\n                        message = value.get(&amp;quot;value&amp;quot;) or value.get(&amp;quot;message&amp;quot;)\n                        if not isinstance(message, str):\n                            value = message\n                            message = message.get(&amp;quot;message&amp;quot;)\n                    else:\n                        message = value.get(&amp;quot;message&amp;quot;, None)\n                except ValueError:\n                    pass\n    \n        exception_class: Type[WebDriverException]\n        e = ErrorCode()\n        error_codes = [item for item in dir(e) if not item.startswith(&amp;quot;__&amp;quot;)]\n        for error_code in error_codes:\n            error_info = getattr(ErrorCode, error_code)\n            if isinstance(error_info, list) and status in error_info:\n                exception_class = getattr(ExceptionMapping, error_code, WebDriverException)\n                break\n        else:\n            exception_class = WebDriverException\n    \n        if not value:\n            value = response[&amp;quot;value&amp;quot;]\n        if isinstance(value, str):\n            raise exception_class(value)\n        if message == &amp;quot;&amp;quot; and &amp;quot;message&amp;quot; in value:\n            message = value[&amp;quot;message&amp;quot;]\n    \n        screen = None  # type: ignore[assignment]\n        if &amp;quot;screen&amp;quot; in value:\n            screen = value[&amp;quot;screen&amp;quot;]\n    \n        stacktrace = None\n        st_value = value.get(&amp;quot;stackTrace&amp;quot;) or value.get(&amp;quot;stacktrace&amp;quot;)\n        if st_value:\n            if isinstance(st_value, str):\n                stacktrace = st_value.split(&amp;quot;\\n&amp;quot;)\n            else:\n                stacktrace = []\n                try:\n                    for frame in st_value:\n                        line = frame.get(&amp;quot;lineNumber&amp;quot;, &amp;quot;&amp;quot;)\n                        file = frame.get(&amp;quot;fileName&amp;quot;, &amp;quot;&amp;lt;anonymous&amp;gt;&amp;quot;)\n                        if line:\n                            file = f&amp;quot;{file}:{line}&amp;quot;\n                        meth = frame.get(&amp;quot;methodName&amp;quot;, &amp;quot;&amp;lt;anonymous&amp;gt;&amp;quot;)\n                        if &amp;quot;className&amp;quot; in frame:\n                            meth = f&amp;quot;{frame[&amp;#x27;className&amp;#x27;]}.{meth}&amp;quot;\n                        msg = &amp;quot;    at %s (%s)&amp;quot;\n                        msg = msg % (meth, file)\n                        stacktrace.append(msg)\n                except TypeError:\n                    pass\n        if exception_class == UnexpectedAlertPresentException:\n            alert_text = None\n            if &amp;quot;data&amp;quot; in value:\n                alert_text = value[&amp;quot;data&amp;quot;].get(&amp;quot;text&amp;quot;)\n            elif &amp;quot;alert&amp;quot; in value:\n                alert_text = value[&amp;quot;alert&amp;quot;].get(&amp;quot;text&amp;quot;)\n            raise exception_class(message, screen, stacktrace, alert_text)  # type: ignore[call-arg]  # mypy is not smart enough here\n&amp;gt;       raise exception_class(message, screen, stacktrace)\nE       selenium.common.exceptions.NoSuchElementException: Message: no such element: Unable to locate element: {&amp;quot;method&amp;quot;:&amp;quot;css selector&amp;quot;,&amp;quot;selector&amp;quot;:&amp;quot;[id=&amp;quot;input-firstname&amp;quot;]&amp;quot;}\nE         (Session info: chrome=130.0.6723.117); For documentation on this error, please visit: https://www.selenium.dev/documentation/webdriver/troubleshooting/errors#no-such-element-exception\nE       Stacktrace:\nE       \tGetHandleVerifier [0x00007FF79E2738A5+3004357]\nE       \t(No symbol) [0x00007FF79DF09970]\nE       \t(No symbol) [0x00007FF79DDB582A]\nE       \t(No symbol) [0x00007FF79DE05B8E]\nE       \t(No symbol) [0x00007FF79DE05E7C]\nE       \t(No symbol) [0x00007FF79DE4EC27]\nE       \t(No symbol) [0x00007FF79DE2BC1F]\nE       \t(No symbol) [0x00007FF79DE4BA4C]\nE       \t(No symbol) [0x00007FF79DE2B983]\nE       \t(No symbol) [0x00007FF79DDF7628]\nE       \t(No symbol) [0x00007FF79DDF8791]\nE       \tGetHandleVerifier [0x00007FF79E29A00D+3161901]\nE       \tGetHandleVerifier [0x00007FF79E2EE060+3506048]\nE       \tGetHandleVerifier [0x00007FF79E2E400D+3465005]\nE       \tGetHandleVerifier [0x00007FF79E060EEB+830987]\nE       \t(No symbol) [0x00007FF79DF1467F]\nE       \t(No symbol) [0x00007FF79DF109D4]\nE       \t(No symbol) [0x00007FF79DF10B6D]\nE       \t(No symbol) [0x00007FF79DF00149]\nE       \tBaseThreadInitThunk [0x00007FFED480257D+29]\nE       \tRtlUserThreadStart [0x00007FFED614AF08+40]\n\nC:\\Users\\PC\\AppData\\Local\\Programs\\Python\\Python313\\Lib\\site-packages\\selenium\\webdriver\\remote\\errorhandler.py:229: NoSuchElementException\n&#34;}], &#34;tests/test_data_validation.py::TestDataValidation::test_data_validation_desktops&#34;: [{&#34;extras&#34;: [], &#34;result&#34;: &#34;Failed&#34;, &#34;testId&#34;: &#34;tests/test_data_validation.py::TestDataValidation::test_data_validation_desktops&#34;, &#34;duration&#34;: &#34;00:00:38&#34;, &#34;resultsTableRow&#34;: [&#34;&lt;td class=\&#34;col-result\&#34;&gt;Failed&lt;/td&gt;&#34;, &#34;&lt;td class=\&#34;col-testId\&#34;&gt;tests/test_data_validation.py::TestDataValidation::test_data_validation_desktops&lt;/td&gt;&#34;, &#34;&lt;td class=\&#34;col-duration\&#34;&gt;00:00:38&lt;/td&gt;&#34;, &#34;&lt;td class=\&#34;col-links\&#34;&gt;&lt;/td&gt;&#34;], &#34;log&#34;: &#34;self = &amp;lt;test_data_validation.TestDataValidation object at 0x000001CD623B9F90&amp;gt;\ndriver = &amp;lt;selenium.webdriver.chrome.webdriver.WebDriver (session=&amp;quot;cbce5618c5888dbe219b6332c9ffd1af&amp;quot;)&amp;gt;\n\n    def test_data_validation_desktops(self, driver):\n        # Load the home page\n        driver.get(BASE_URL)\n        # Create an instance of the Navigation class\n        navigation = Navigation(driver)\n        # Create an instance of the DataValidation class\n        data_validation = DataValidation(driver)\n        # List of test cases: (category name, navigation method, expected products)\n        test_cases = [\n            (&amp;quot;PC (0)&amp;quot;, navigation.navigation_to_pc_desktops, []),\n            (&amp;quot;Mac (1)&amp;quot;, navigation.navigation_to_mac_desktops, [&amp;#x27;iMac&amp;#x27;]),\n            (&amp;quot;Show All Desktops&amp;quot;, navigation.show_all_desktops, [&amp;#x27;iMac&amp;#x27;]),\n        ]\n    \n        # List to store errors\n        errors = []  # Danh s\u00e1ch l\u01b0u tr\u1eef l\u1ed7i\n    \n        # Loop through each test case\n        for category, navigate_method, expected_products in test_cases:\n            # Navigate to the desktops category\n            navigation.navigation_to_desktops()\n            # Call the corresponding navigation method\n            navigate_method()\n            # Get the displayed products\n            displayed_products = data_validation.data_validation_show_product()\n    \n            # Compare the displayed products with the expected products\n            try:\n                if expected_products:\n                    assert displayed_products == expected_products, f&amp;quot;Expected {expected_products} for {category}, but got {displayed_products}.&amp;quot;\n                else:\n                    assert not displayed_products, f&amp;quot;Expected no products for {category}, but got {displayed_products}.&amp;quot;\n            except AssertionError as e:\n                # Add the error to the list of errors\n                errors.append(f&amp;quot;Assertion error for {category}: {e}&amp;quot;)\n    \n        # Check if there are any errors\n        if errors:\n            print(&amp;quot;\\n&amp;quot;.join(errors))\n&amp;gt;           assert False, &amp;quot;Some test cases failed.&amp;quot;\nE           AssertionError: Some test cases failed.\nE           assert False\n\ntests\\test_data_validation.py:49: AssertionError\n\n----------------------------- Captured stdout call -----------------------------\nAssertion error for Show All Desktops: Expected [&amp;#x27;iMac&amp;#x27;] for Show All Desktops, but got [&amp;#x27;Apple Cinema 30&amp;quot;&amp;#x27;, &amp;#x27;Canon EOS 5D&amp;#x27;, &amp;#x27;HP LP3065&amp;#x27;, &amp;#x27;HTC Touch HD&amp;#x27;, &amp;#x27;iPhone&amp;#x27;, &amp;#x27;iPod Classic&amp;#x27;, &amp;#x27;MacBook&amp;#x27;, &amp;#x27;MacBook Air&amp;#x27;, &amp;#x27;Palm Treo Pro&amp;#x27;, &amp;#x27;Product 8&amp;#x27;].\nassert [&amp;#x27;Apple Cinem...Classic&amp;#x27;, ...] == [&amp;#x27;iMac&amp;#x27;]\n  \n  At index 0 diff: &amp;#x27;Apple Cinema 30&amp;quot;&amp;#x27; != &amp;#x27;iMac&amp;#x27;\n  Left contains 9 more items, first extra item: &amp;#x27;Canon EOS 5D&amp;#x27;\n  Use -v to get more diff\n&#34;}], &#34;tests/test_data_validation.py::TestDataValidation::test_data_validation_laptops_and_notebooks&#34;: [{&#34;extras&#34;: [], &#34;result&#34;: &#34;Failed&#34;, &#34;testId&#34;: &#34;tests/test_data_validation.py::TestDataValidation::test_data_validation_laptops_and_notebooks&#34;, &#34;duration&#34;: &#34;00:00:38&#34;, &#34;resultsTableRow&#34;: [&#34;&lt;td class=\&#34;col-result\&#34;&gt;Failed&lt;/td&gt;&#34;, &#34;&lt;td class=\&#34;col-testId\&#34;&gt;tests/test_data_validation.py::TestDataValidation::test_data_validation_laptops_and_notebooks&lt;/td&gt;&#34;, &#34;&lt;td class=\&#34;col-duration\&#34;&gt;00:00:38&lt;/td&gt;&#34;, &#34;&lt;td class=\&#34;col-links\&#34;&gt;&lt;/td&gt;&#34;], &#34;log&#34;: &#34;self = &amp;lt;test_data_validation.TestDataValidation object at 0x000001CD623BA0D0&amp;gt;\ndriver = &amp;lt;selenium.webdriver.chrome.webdriver.WebDriver (session=&amp;quot;fd07513aacf2aa9703043d5c877af555&amp;quot;)&amp;gt;\n\n    def test_data_validation_laptops_and_notebooks(self, driver):\n        # Load the home page\n        driver.get(BASE_URL)\n        # Create an instance of the Navigation class\n        navigation = Navigation(driver)\n        # Create an instance of the DataValidation class\n        data_validation = DataValidation(driver)\n    \n        # List of test cases: (category name, navigation method, expected products)\n        test_cases = [\n            (&amp;quot;Macs (3)&amp;quot;, navigation.navigation_to_macs_laptops, [&amp;#x27;MacBook&amp;#x27;, &amp;#x27;MacBook Air&amp;#x27;, &amp;#x27;MacBook Pro&amp;#x27;]),\n            (&amp;quot;Windows (2)&amp;quot;, navigation.navigation_to_windows_laptops, [&amp;#x27;HP LP3065&amp;#x27;, &amp;#x27;Sony VAIO&amp;#x27;]),\n            (&amp;quot;Show All Laptops &amp;amp; Notebooks&amp;quot;, navigation.show_all_laptops_and_notebooks, [&amp;#x27;HP LP3065&amp;#x27;, &amp;#x27;MacBook&amp;#x27;, &amp;#x27;MacBook Air&amp;#x27;, &amp;#x27;MacBook Pro&amp;#x27;, &amp;#x27;Sony VAIO&amp;#x27;]),\n        ]\n    \n        errors = []  # Danh s\u00e1ch l\u01b0u tr\u1eef l\u1ed7i\n    \n        for category, navigate_method, expected_products in test_cases:\n            navigation.navigation_to_laptops_and_notebooks()  # \u0110\u1ea3m b\u1ea3o b\u1ea1n quay l\u1ea1i danh m\u1ee5c desktops tr\u01b0\u1edbc khi \u0111i\u1ec1u h\u01b0\u1edbng\n            navigate_method()  # G\u1ecdi ph\u01b0\u01a1ng th\u1ee9c \u0111i\u1ec1u h\u01b0\u1edbng t\u01b0\u01a1ng \u1ee9ng\n            displayed_products = data_validation.data_validation_show_product()  # L\u1ea5y danh s\u00e1ch s\u1ea3n ph\u1ea9m hi\u1ec3n th\u1ecb\n    \n            try:\n                if expected_products:\n                    assert displayed_products == expected_products, f&amp;quot;Expected {expected_products} for {category}, but got {displayed_products}.&amp;quot;\n                else:\n                    assert not displayed_products, f&amp;quot;Expected no products for {category}, but got {displayed_products}.&amp;quot;\n            except AssertionError as e:\n                # Th\u00eam l\u1ed7i v\u00e0o danh s\u00e1ch errors thay v\u00ec d\u1eebng ch\u01b0\u01a1ng tr\u00ecnh\n                errors.append(f&amp;quot;Assertion error for {category}: {e}&amp;quot;)\n    \n        # Ki\u1ec3m tra n\u1ebfu c\u00f3 l\u1ed7i n\u00e0o trong danh s\u00e1ch errors\n        if errors:\n            print(&amp;quot;\\n&amp;quot;.join(errors))  # In t\u1ea5t c\u1ea3 c\u00e1c l\u1ed7i ra m\u00e0n h\u00ecnh\n&amp;gt;           assert False, &amp;quot;Some test cases failed.&amp;quot;  # G\u00e2y l\u1ed7i t\u1ed5ng h\u1ee3p \u0111\u1ec3 b\u00e1o c\u00e1o trong pytest\nE           AssertionError: Some test cases failed.\nE           assert False\n\ntests\\test_data_validation.py:87: AssertionError\n\n----------------------------- Captured stdout call -----------------------------\nAssertion error for Macs (3): Expected [&amp;#x27;MacBook&amp;#x27;, &amp;#x27;MacBook Air&amp;#x27;, &amp;#x27;MacBook Pro&amp;#x27;] for Macs (3), but got [].\nassert [] == [&amp;#x27;MacBook&amp;#x27;, &amp;#x27;...&amp;#x27;MacBook Pro&amp;#x27;]\n  \n  Right contains 3 more items, first extra item: &amp;#x27;MacBook&amp;#x27;\n  Use -v to get more diff\nAssertion error for Windows (2): Expected [&amp;#x27;HP LP3065&amp;#x27;, &amp;#x27;Sony VAIO&amp;#x27;] for Windows (2), but got [].\nassert [] == [&amp;#x27;HP LP3065&amp;#x27;, &amp;#x27;Sony VAIO&amp;#x27;]\n  \n  Right contains 2 more items, first extra item: &amp;#x27;HP LP3065&amp;#x27;\n  Use -v to get more diff\n&#34;}], &#34;tests/test_data_validation.py::TestDataValidation::test_data_validation_components&#34;: [{&#34;extras&#34;: [], &#34;result&#34;: &#34;Failed&#34;, &#34;testId&#34;: &#34;tests/test_data_validation.py::TestDataValidation::test_data_validation_components&#34;, &#34;duration&#34;: &#34;00:01:12&#34;, &#34;resultsTableRow&#34;: [&#34;&lt;td class=\&#34;col-result\&#34;&gt;Failed&lt;/td&gt;&#34;, &#34;&lt;td class=\&#34;col-testId\&#34;&gt;tests/test_data_validation.py::TestDataValidation::test_data_validation_components&lt;/td&gt;&#34;, &#34;&lt;td class=\&#34;col-duration\&#34;&gt;00:01:12&lt;/td&gt;&#34;, &#34;&lt;td class=\&#34;col-links\&#34;&gt;&lt;/td&gt;&#34;], &#34;log&#34;: &#34;self = &amp;lt;test_data_validation.TestDataValidation object at 0x000001CD6229F5C0&amp;gt;\ndriver = &amp;lt;selenium.webdriver.chrome.webdriver.WebDriver (session=&amp;quot;81e5d6c09559a88c93c50a4984787ed4&amp;quot;)&amp;gt;\n\n    def test_data_validation_components(self, driver):\n        # Load the home page\n        driver.get(BASE_URL)\n        # Create an instance of the Navigation class\n        navigation = Navigation(driver)\n        # Create an instance of the DataValidation class\n        data_validation = DataValidation(driver)\n    \n        # List of test cases: (category name, navigation method, expected products)\n        test_cases = [\n            (&amp;quot;Mice and Trackballs (0)&amp;quot;, navigation.navigation_to_mice_and_trackballs, []),\n            (&amp;quot;Monitors (2)&amp;quot;, navigation.navigation_to_monitors, [&amp;#x27;Apple Cinema 30&amp;quot;&amp;#x27;, &amp;#x27;Samsung SyncMaster 941BW&amp;#x27;]),\n            (&amp;quot;Printers (0)&amp;quot;, navigation.navigation_to_printers, []),\n            (&amp;quot;Scanners (0)&amp;quot;, navigation.navigation_to_scanners, []),\n            (&amp;quot;Web Cameras (0)&amp;quot;, navigation.navigation_to_web_cameras, []),\n            (&amp;quot;Show All Components&amp;quot;, navigation.show_all_components, [&amp;#x27;Apple Cinema 30&amp;quot;&amp;#x27;, &amp;#x27;Samsung SyncMaster 941BW&amp;#x27;]),\n        ]\n    \n        errors = []  # Danh s\u00e1ch l\u01b0u tr\u1eef l\u1ed7i\n    \n        for category, navigate_method, expected_products in test_cases:\n            navigation.navigation_to_components()  # \u0110\u1ea3m b\u1ea3o b\u1ea1n quay l\u1ea1i danh m\u1ee5c desktops tr\u01b0\u1edbc khi \u0111i\u1ec1u h\u01b0\u1edbng\n            navigate_method()  # G\u1ecdi ph\u01b0\u01a1ng th\u1ee9c \u0111i\u1ec1u h\u01b0\u1edbng t\u01b0\u01a1ng \u1ee9ng\n            displayed_products = data_validation.data_validation_show_product()  # L\u1ea5y danh s\u00e1ch s\u1ea3n ph\u1ea9m hi\u1ec3n th\u1ecb\n    \n            try:\n                if expected_products:\n                    assert displayed_products == expected_products, f&amp;quot;Expected {expected_products} for {category}, but got {displayed_products}.&amp;quot;\n                else:\n                    assert not displayed_products, f&amp;quot;Expected no products for {category}, but got {displayed_products}.&amp;quot;\n            except AssertionError as e:\n                # Th\u00eam l\u1ed7i v\u00e0o danh s\u00e1ch errors thay v\u00ec d\u1eebng ch\u01b0\u01a1ng tr\u00ecnh\n                errors.append(f&amp;quot;Assertion error for {category}: {e}&amp;quot;)\n    \n        # Ki\u1ec3m tra n\u1ebfu c\u00f3 l\u1ed7i n\u00e0o trong danh s\u00e1ch errors\n        if errors:\n            print(&amp;quot;\\n&amp;quot;.join(errors))  # In t\u1ea5t c\u1ea3 c\u00e1c l\u1ed7i ra m\u00e0n h\u00ecnh\n&amp;gt;           assert False, &amp;quot;Some test cases failed.&amp;quot;  # G\u00e2y l\u1ed7i t\u1ed5ng h\u1ee3p \u0111\u1ec3 b\u00e1o c\u00e1o trong pytest\nE           AssertionError: Some test cases failed.\nE           assert False\n\ntests\\test_data_validation.py:128: AssertionError\n\n----------------------------- Captured stdout call -----------------------------\nAssertion error for Show All Components: Expected [&amp;#x27;Apple Cinema 30&amp;quot;&amp;#x27;, &amp;#x27;Samsung SyncMaster 941BW&amp;#x27;] for Show All Components, but got [].\nassert [] == [&amp;#x27;Apple Cinem...Master 941BW&amp;#x27;]\n  \n  Right contains 2 more items, first extra item: &amp;#x27;Apple Cinema 30&amp;quot;&amp;#x27;\n  Use -v to get more diff\n&#34;}], &#34;tests/test_data_validation.py::TestDataValidation::test_data_validation_tablets&#34;: [{&#34;extras&#34;: [], &#34;result&#34;: &#34;Passed&#34;, &#34;testId&#34;: &#34;tests/test_data_validation.py::TestDataValidation::test_data_validation_tablets&#34;, &#34;duration&#34;: &#34;00:00:12&#34;, &#34;resultsTableRow&#34;: [&#34;&lt;td class=\&#34;col-result\&#34;&gt;Passed&lt;/td&gt;&#34;, &#34;&lt;td class=\&#34;col-testId\&#34;&gt;tests/test_data_validation.py::TestDataValidation::test_data_validation_tablets&lt;/td&gt;&#34;, &#34;&lt;td class=\&#34;col-duration\&#34;&gt;00:00:12&lt;/td&gt;&#34;, &#34;&lt;td class=\&#34;col-links\&#34;&gt;&lt;/td&gt;&#34;], &#34;log&#34;: &#34;----------------------------- Captured stdout call -----------------------------\nTest case passed successfully.\n&#34;}], &#34;tests/test_data_validation.py::TestDataValidation::test_data_validation_software&#34;: [{&#34;extras&#34;: [], &#34;result&#34;: &#34;Passed&#34;, &#34;testId&#34;: &#34;tests/test_data_validation.py::TestDataValidation::test_data_validation_software&#34;, &#34;duration&#34;: &#34;00:00:12&#34;, &#34;resultsTableRow&#34;: [&#34;&lt;td class=\&#34;col-result\&#34;&gt;Passed&lt;/td&gt;&#34;, &#34;&lt;td class=\&#34;col-testId\&#34;&gt;tests/test_data_validation.py::TestDataValidation::test_data_validation_software&lt;/td&gt;&#34;, &#34;&lt;td class=\&#34;col-duration\&#34;&gt;00:00:12&lt;/td&gt;&#34;, &#34;&lt;td class=\&#34;col-links\&#34;&gt;&lt;/td&gt;&#34;], &#34;log&#34;: &#34;----------------------------- Captured stdout call -----------------------------\nTest case passed successfully.\n&#34;}], &#34;tests/test_data_validation.py::TestDataValidation::test_data_validation_phones_and_pads&#34;: [{&#34;extras&#34;: [], &#34;result&#34;: &#34;Passed&#34;, &#34;testId&#34;: &#34;tests/test_data_validation.py::TestDataValidation::test_data_validation_phones_and_pads&#34;, &#34;duration&#34;: &#34;00:00:12&#34;, &#34;resultsTableRow&#34;: [&#34;&lt;td class=\&#34;col-result\&#34;&gt;Passed&lt;/td&gt;&#34;, &#34;&lt;td class=\&#34;col-testId\&#34;&gt;tests/test_data_validation.py::TestDataValidation::test_data_validation_phones_and_pads&lt;/td&gt;&#34;, &#34;&lt;td class=\&#34;col-duration\&#34;&gt;00:00:12&lt;/td&gt;&#34;, &#34;&lt;td class=\&#34;col-links\&#34;&gt;&lt;/td&gt;&#34;], &#34;log&#34;: &#34;----------------------------- Captured stdout call -----------------------------\nTest case passed successfully.\n&#34;}], &#34;tests/test_data_validation.py::TestDataValidation::test_data_validation_cameras&#34;: [{&#34;extras&#34;: [], &#34;result&#34;: &#34;Passed&#34;, &#34;testId&#34;: &#34;tests/test_data_validation.py::TestDataValidation::test_data_validation_cameras&#34;, &#34;duration&#34;: &#34;00:00:12&#34;, &#34;resultsTableRow&#34;: [&#34;&lt;td class=\&#34;col-result\&#34;&gt;Passed&lt;/td&gt;&#34;, &#34;&lt;td class=\&#34;col-testId\&#34;&gt;tests/test_data_validation.py::TestDataValidation::test_data_validation_cameras&lt;/td&gt;&#34;, &#34;&lt;td class=\&#34;col-duration\&#34;&gt;00:00:12&lt;/td&gt;&#34;, &#34;&lt;td class=\&#34;col-links\&#34;&gt;&lt;/td&gt;&#34;], &#34;log&#34;: &#34;----------------------------- Captured stdout call -----------------------------\nTest case passed successfully.\n&#34;}], &#34;tests/test_data_validation.py::TestDataValidation::test_data_validation_mp3_players&#34;: [{&#34;extras&#34;: [], &#34;result&#34;: &#34;Passed&#34;, &#34;testId&#34;: &#34;tests/test_data_validation.py::TestDataValidation::test_data_validation_mp3_players&#34;, &#34;duration&#34;: &#34;00:00:15&#34;, &#34;resultsTableRow&#34;: [&#34;&lt;td class=\&#34;col-result\&#34;&gt;Passed&lt;/td&gt;&#34;, &#34;&lt;td class=\&#34;col-testId\&#34;&gt;tests/test_data_validation.py::TestDataValidation::test_data_validation_mp3_players&lt;/td&gt;&#34;, &#34;&lt;td class=\&#34;col-duration\&#34;&gt;00:00:15&lt;/td&gt;&#34;, &#34;&lt;td class=\&#34;col-links\&#34;&gt;&lt;/td&gt;&#34;], &#34;log&#34;: &#34;----------------------------- Captured stdout call -----------------------------\nAll test cases passed successfully.\n&#34;}], &#34;tests/test_login_logout_page.py::TestLoginLogout::test_login_valid&#34;: [{&#34;extras&#34;: [], &#34;result&#34;: &#34;Passed&#34;, &#34;testId&#34;: &#34;tests/test_login_logout_page.py::TestLoginLogout::test_login_valid&#34;, &#34;duration&#34;: &#34;00:00:13&#34;, &#34;resultsTableRow&#34;: [&#34;&lt;td class=\&#34;col-result\&#34;&gt;Passed&lt;/td&gt;&#34;, &#34;&lt;td class=\&#34;col-testId\&#34;&gt;tests/test_login_logout_page.py::TestLoginLogout::test_login_valid&lt;/td&gt;&#34;, &#34;&lt;td class=\&#34;col-duration\&#34;&gt;00:00:13&lt;/td&gt;&#34;, &#34;&lt;td class=\&#34;col-links\&#34;&gt;&lt;/td&gt;&#34;], &#34;log&#34;: &#34;No log output captured.&#34;}], &#34;tests/test_login_logout_page.py::TestLoginLogout::test_logout&#34;: [{&#34;extras&#34;: [], &#34;result&#34;: &#34;Passed&#34;, &#34;testId&#34;: &#34;tests/test_login_logout_page.py::TestLoginLogout::test_logout&#34;, &#34;duration&#34;: &#34;00:00:26&#34;, &#34;resultsTableRow&#34;: [&#34;&lt;td class=\&#34;col-result\&#34;&gt;Passed&lt;/td&gt;&#34;, &#34;&lt;td class=\&#34;col-testId\&#34;&gt;tests/test_login_logout_page.py::TestLoginLogout::test_logout&lt;/td&gt;&#34;, &#34;&lt;td class=\&#34;col-duration\&#34;&gt;00:00:26&lt;/td&gt;&#34;, &#34;&lt;td class=\&#34;col-links\&#34;&gt;&lt;/td&gt;&#34;], &#34;log&#34;: &#34;No log output captured.&#34;}], &#34;tests/test_login_logout_page.py::TestLoginLogout::test_login_empty_email&#34;: [{&#34;extras&#34;: [], &#34;result&#34;: &#34;Passed&#34;, &#34;testId&#34;: &#34;tests/test_login_logout_page.py::TestLoginLogout::test_login_empty_email&#34;, &#34;duration&#34;: &#34;00:00:13&#34;, &#34;resultsTableRow&#34;: [&#34;&lt;td class=\&#34;col-result\&#34;&gt;Passed&lt;/td&gt;&#34;, &#34;&lt;td class=\&#34;col-testId\&#34;&gt;tests/test_login_logout_page.py::TestLoginLogout::test_login_empty_email&lt;/td&gt;&#34;, &#34;&lt;td class=\&#34;col-duration\&#34;&gt;00:00:13&lt;/td&gt;&#34;, &#34;&lt;td class=\&#34;col-links\&#34;&gt;&lt;/td&gt;&#34;], &#34;log&#34;: &#34;No log output captured.&#34;}], &#34;tests/test_login_logout_page.py::TestLoginLogout::test_login_empty_password&#34;: [{&#34;extras&#34;: [], &#34;result&#34;: &#34;Passed&#34;, &#34;testId&#34;: &#34;tests/test_login_logout_page.py::TestLoginLogout::test_login_empty_password&#34;, &#34;duration&#34;: &#34;00:00:13&#34;, &#34;resultsTableRow&#34;: [&#34;&lt;td class=\&#34;col-result\&#34;&gt;Passed&lt;/td&gt;&#34;, &#34;&lt;td class=\&#34;col-testId\&#34;&gt;tests/test_login_logout_page.py::TestLoginLogout::test_login_empty_password&lt;/td&gt;&#34;, &#34;&lt;td class=\&#34;col-duration\&#34;&gt;00:00:13&lt;/td&gt;&#34;, &#34;&lt;td class=\&#34;col-links\&#34;&gt;&lt;/td&gt;&#34;], &#34;log&#34;: &#34;No log output captured.&#34;}], &#34;tests/test_login_logout_page.py::TestLoginLogout::test_login_email_not_exist&#34;: [{&#34;extras&#34;: [], &#34;result&#34;: &#34;Passed&#34;, &#34;testId&#34;: &#34;tests/test_login_logout_page.py::TestLoginLogout::test_login_email_not_exist&#34;, &#34;duration&#34;: &#34;00:00:14&#34;, &#34;resultsTableRow&#34;: [&#34;&lt;td class=\&#34;col-result\&#34;&gt;Passed&lt;/td&gt;&#34;, &#34;&lt;td class=\&#34;col-testId\&#34;&gt;tests/test_login_logout_page.py::TestLoginLogout::test_login_email_not_exist&lt;/td&gt;&#34;, &#34;&lt;td class=\&#34;col-duration\&#34;&gt;00:00:14&lt;/td&gt;&#34;, &#34;&lt;td class=\&#34;col-links\&#34;&gt;&lt;/td&gt;&#34;], &#34;log&#34;: &#34;No log output captured.&#34;}], &#34;tests/test_login_logout_page.py::TestLoginLogout::test_invalid_password&#34;: [{&#34;extras&#34;: [], &#34;result&#34;: &#34;Passed&#34;, &#34;testId&#34;: &#34;tests/test_login_logout_page.py::TestLoginLogout::test_invalid_password&#34;, &#34;duration&#34;: &#34;00:00:14&#34;, &#34;resultsTableRow&#34;: [&#34;&lt;td class=\&#34;col-result\&#34;&gt;Passed&lt;/td&gt;&#34;, &#34;&lt;td class=\&#34;col-testId\&#34;&gt;tests/test_login_logout_page.py::TestLoginLogout::test_invalid_password&lt;/td&gt;&#34;, &#34;&lt;td class=\&#34;col-duration\&#34;&gt;00:00:14&lt;/td&gt;&#34;, &#34;&lt;td class=\&#34;col-links\&#34;&gt;&lt;/td&gt;&#34;], &#34;log&#34;: &#34;No log output captured.&#34;}], &#34;tests/test_navigation.py::TestNavigation::test_navigation_desktops&#34;: [{&#34;extras&#34;: [], &#34;result&#34;: &#34;Passed&#34;, &#34;testId&#34;: &#34;tests/test_navigation.py::TestNavigation::test_navigation_desktops&#34;, &#34;duration&#34;: &#34;00:00:29&#34;, &#34;resultsTableRow&#34;: [&#34;&lt;td class=\&#34;col-result\&#34;&gt;Passed&lt;/td&gt;&#34;, &#34;&lt;td class=\&#34;col-testId\&#34;&gt;tests/test_navigation.py::TestNavigation::test_navigation_desktops&lt;/td&gt;&#34;, &#34;&lt;td class=\&#34;col-duration\&#34;&gt;00:00:29&lt;/td&gt;&#34;, &#34;&lt;td class=\&#34;col-links\&#34;&gt;&lt;/td&gt;&#34;], &#34;log&#34;: &#34;No log output captured.&#34;}], &#34;tests/test_navigation.py::TestNavigation::test_navigation_laptops_and_notebooks&#34;: [{&#34;extras&#34;: [], &#34;result&#34;: &#34;Passed&#34;, &#34;testId&#34;: &#34;tests/test_navigation.py::TestNavigation::test_navigation_laptops_and_notebooks&#34;, &#34;duration&#34;: &#34;00:00:29&#34;, &#34;resultsTableRow&#34;: [&#34;&lt;td class=\&#34;col-result\&#34;&gt;Passed&lt;/td&gt;&#34;, &#34;&lt;td class=\&#34;col-testId\&#34;&gt;tests/test_navigation.py::TestNavigation::test_navigation_laptops_and_notebooks&lt;/td&gt;&#34;, &#34;&lt;td class=\&#34;col-duration\&#34;&gt;00:00:29&lt;/td&gt;&#34;, &#34;&lt;td class=\&#34;col-links\&#34;&gt;&lt;/td&gt;&#34;], &#34;log&#34;: &#34;No log output captured.&#34;}], &#34;tests/test_navigation.py::TestNavigation::test_navigation_components&#34;: [{&#34;extras&#34;: [], &#34;result&#34;: &#34;Passed&#34;, &#34;testId&#34;: &#34;tests/test_navigation.py::TestNavigation::test_navigation_components&#34;, &#34;duration&#34;: &#34;00:00:57&#34;, &#34;resultsTableRow&#34;: [&#34;&lt;td class=\&#34;col-result\&#34;&gt;Passed&lt;/td&gt;&#34;, &#34;&lt;td class=\&#34;col-testId\&#34;&gt;tests/test_navigation.py::TestNavigation::test_navigation_components&lt;/td&gt;&#34;, &#34;&lt;td class=\&#34;col-duration\&#34;&gt;00:00:57&lt;/td&gt;&#34;, &#34;&lt;td class=\&#34;col-links\&#34;&gt;&lt;/td&gt;&#34;], &#34;log&#34;: &#34;No log output captured.&#34;}], &#34;tests/test_navigation.py::TestNavigation::test_navigation_tablets&#34;: [{&#34;extras&#34;: [], &#34;result&#34;: &#34;Passed&#34;, &#34;testId&#34;: &#34;tests/test_navigation.py::TestNavigation::test_navigation_tablets&#34;, &#34;duration&#34;: &#34;00:00:07&#34;, &#34;resultsTableRow&#34;: [&#34;&lt;td class=\&#34;col-result\&#34;&gt;Passed&lt;/td&gt;&#34;, &#34;&lt;td class=\&#34;col-testId\&#34;&gt;tests/test_navigation.py::TestNavigation::test_navigation_tablets&lt;/td&gt;&#34;, &#34;&lt;td class=\&#34;col-duration\&#34;&gt;00:00:07&lt;/td&gt;&#34;, &#34;&lt;td class=\&#34;col-links\&#34;&gt;&lt;/td&gt;&#34;], &#34;log&#34;: &#34;No log output captured.&#34;}], &#34;tests/test_navigation.py::TestNavigation::test_navigation_software&#34;: [{&#34;extras&#34;: [], &#34;result&#34;: &#34;Passed&#34;, &#34;testId&#34;: &#34;tests/test_navigation.py::TestNavigation::test_navigation_software&#34;, &#34;duration&#34;: &#34;00:00:07&#34;, &#34;resultsTableRow&#34;: [&#34;&lt;td class=\&#34;col-result\&#34;&gt;Passed&lt;/td&gt;&#34;, &#34;&lt;td class=\&#34;col-testId\&#34;&gt;tests/test_navigation.py::TestNavigation::test_navigation_software&lt;/td&gt;&#34;, &#34;&lt;td class=\&#34;col-duration\&#34;&gt;00:00:07&lt;/td&gt;&#34;, &#34;&lt;td class=\&#34;col-links\&#34;&gt;&lt;/td&gt;&#34;], &#34;log&#34;: &#34;No log output captured.&#34;}], &#34;tests/test_navigation.py::TestNavigation::test_navigation_phones_and_PDAs&#34;: [{&#34;extras&#34;: [], &#34;result&#34;: &#34;Passed&#34;, &#34;testId&#34;: &#34;tests/test_navigation.py::TestNavigation::test_navigation_phones_and_PDAs&#34;, &#34;duration&#34;: &#34;00:00:07&#34;, &#34;resultsTableRow&#34;: [&#34;&lt;td class=\&#34;col-result\&#34;&gt;Passed&lt;/td&gt;&#34;, &#34;&lt;td class=\&#34;col-testId\&#34;&gt;tests/test_navigation.py::TestNavigation::test_navigation_phones_and_PDAs&lt;/td&gt;&#34;, &#34;&lt;td class=\&#34;col-duration\&#34;&gt;00:00:07&lt;/td&gt;&#34;, &#34;&lt;td class=\&#34;col-links\&#34;&gt;&lt;/td&gt;&#34;], &#34;log&#34;: &#34;No log output captured.&#34;}], &#34;tests/test_navigation.py::TestNavigation::test_navigation_cameras&#34;: [{&#34;extras&#34;: [], &#34;result&#34;: &#34;Passed&#34;, &#34;testId&#34;: &#34;tests/test_navigation.py::TestNavigation::test_navigation_cameras&#34;, &#34;duration&#34;: &#34;00:00:07&#34;, &#34;resultsTableRow&#34;: [&#34;&lt;td class=\&#34;col-result\&#34;&gt;Passed&lt;/td&gt;&#34;, &#34;&lt;td class=\&#34;col-testId\&#34;&gt;tests/test_navigation.py::TestNavigation::test_navigation_cameras&lt;/td&gt;&#34;, &#34;&lt;td class=\&#34;col-duration\&#34;&gt;00:00:07&lt;/td&gt;&#34;, &#34;&lt;td class=\&#34;col-links\&#34;&gt;&lt;/td&gt;&#34;], &#34;log&#34;: &#34;No log output captured.&#34;}], &#34;tests/test_navigation.py::TestNavigation::test_navigation_mp3_players&#34;: [{&#34;extras&#34;: [], &#34;result&#34;: &#34;Passed&#34;, &#34;testId&#34;: &#34;tests/test_navigation.py::TestNavigation::test_navigation_mp3_players&#34;, &#34;duration&#34;: &#34;00:00:10&#34;, &#34;resultsTableRow&#34;: [&#34;&lt;td class=\&#34;col-result\&#34;&gt;Passed&lt;/td&gt;&#34;, &#34;&lt;td class=\&#34;col-testId\&#34;&gt;tests/test_navigation.py::TestNavigation::test_navigation_mp3_players&lt;/td&gt;&#34;, &#34;&lt;td class=\&#34;col-duration\&#34;&gt;00:00:10&lt;/td&gt;&#34;, &#34;&lt;td class=\&#34;col-links\&#34;&gt;&lt;/td&gt;&#34;], &#34;log&#34;: &#34;No log output captured.&#34;}], &#34;tests/test_registration.py::TestRegister::test_register_valid&#34;: [{&#34;extras&#34;: [], &#34;result&#34;: &#34;Passed&#34;, &#34;testId&#34;: &#34;tests/test_registration.py::TestRegister::test_register_valid&#34;, &#34;duration&#34;: &#34;00:00:15&#34;, &#34;resultsTableRow&#34;: [&#34;&lt;td class=\&#34;col-result\&#34;&gt;Passed&lt;/td&gt;&#34;, &#34;&lt;td class=\&#34;col-testId\&#34;&gt;tests/test_registration.py::TestRegister::test_register_valid&lt;/td&gt;&#34;, &#34;&lt;td class=\&#34;col-duration\&#34;&gt;00:00:15&lt;/td&gt;&#34;, &#34;&lt;td class=\&#34;col-links\&#34;&gt;&lt;/td&gt;&#34;], &#34;log&#34;: &#34;No log output captured.&#34;}], &#34;tests/test_registration.py::TestRegister::test_register_empty_password&#34;: [{&#34;extras&#34;: [], &#34;result&#34;: &#34;Passed&#34;, &#34;testId&#34;: &#34;tests/test_registration.py::TestRegister::test_register_empty_password&#34;, &#34;duration&#34;: &#34;00:00:15&#34;, &#34;resultsTableRow&#34;: [&#34;&lt;td class=\&#34;col-result\&#34;&gt;Passed&lt;/td&gt;&#34;, &#34;&lt;td class=\&#34;col-testId\&#34;&gt;tests/test_registration.py::TestRegister::test_register_empty_password&lt;/td&gt;&#34;, &#34;&lt;td class=\&#34;col-duration\&#34;&gt;00:00:15&lt;/td&gt;&#34;, &#34;&lt;td class=\&#34;col-links\&#34;&gt;&lt;/td&gt;&#34;], &#34;log&#34;: &#34;No log output captured.&#34;}], &#34;tests/test_registration.py::TestRegister::test_register_empty_email&#34;: [{&#34;extras&#34;: [], &#34;result&#34;: &#34;Passed&#34;, &#34;testId&#34;: &#34;tests/test_registration.py::TestRegister::test_register_empty_email&#34;, &#34;duration&#34;: &#34;00:00:14&#34;, &#34;resultsTableRow&#34;: [&#34;&lt;td class=\&#34;col-result\&#34;&gt;Passed&lt;/td&gt;&#34;, &#34;&lt;td class=\&#34;col-testId\&#34;&gt;tests/test_registration.py::TestRegister::test_register_empty_email&lt;/td&gt;&#34;, &#34;&lt;td class=\&#34;col-duration\&#34;&gt;00:00:14&lt;/td&gt;&#34;, &#34;&lt;td class=\&#34;col-links\&#34;&gt;&lt;/td&gt;&#34;], &#34;log&#34;: &#34;No log output captured.&#34;}], &#34;tests/test_registration.py::TestRegister::test_register_empty_firstname&#34;: [{&#34;extras&#34;: [], &#34;result&#34;: &#34;Passed&#34;, &#34;testId&#34;: &#34;tests/test_registration.py::TestRegister::test_register_empty_firstname&#34;, &#34;duration&#34;: &#34;00:00:14&#34;, &#34;resultsTableRow&#34;: [&#34;&lt;td class=\&#34;col-result\&#34;&gt;Passed&lt;/td&gt;&#34;, &#34;&lt;td class=\&#34;col-testId\&#34;&gt;tests/test_registration.py::TestRegister::test_register_empty_firstname&lt;/td&gt;&#34;, &#34;&lt;td class=\&#34;col-duration\&#34;&gt;00:00:14&lt;/td&gt;&#34;, &#34;&lt;td class=\&#34;col-links\&#34;&gt;&lt;/td&gt;&#34;], &#34;log&#34;: &#34;No log output captured.&#34;}], &#34;tests/test_registration.py::TestRegister::test_register_empty_lastname&#34;: [{&#34;extras&#34;: [], &#34;result&#34;: &#34;Passed&#34;, &#34;testId&#34;: &#34;tests/test_registration.py::TestRegister::test_register_empty_lastname&#34;, &#34;duration&#34;: &#34;00:00:15&#34;, &#34;resultsTableRow&#34;: [&#34;&lt;td class=\&#34;col-result\&#34;&gt;Passed&lt;/td&gt;&#34;, &#34;&lt;td class=\&#34;col-testId\&#34;&gt;tests/test_registration.py::TestRegister::test_register_empty_lastname&lt;/td&gt;&#34;, &#34;&lt;td class=\&#34;col-duration\&#34;&gt;00:00:15&lt;/td&gt;&#34;, &#34;&lt;td class=\&#34;col-links\&#34;&gt;&lt;/td&gt;&#34;], &#34;log&#34;: &#34;No log output captured.&#34;}], &#34;tests/test_registration.py::TestRegister::test_register_empty_privacy_policy&#34;: [{&#34;extras&#34;: [], &#34;result&#34;: &#34;Passed&#34;, &#34;testId&#34;: &#34;tests/test_registration.py::TestRegister::test_register_empty_privacy_policy&#34;, &#34;duration&#34;: &#34;00:00:14&#34;, &#34;resultsTableRow&#34;: [&#34;&lt;td class=\&#34;col-result\&#34;&gt;Passed&lt;/td&gt;&#34;, &#34;&lt;td class=\&#34;col-testId\&#34;&gt;tests/test_registration.py::TestRegister::test_register_empty_privacy_policy&lt;/td&gt;&#34;, &#34;&lt;td class=\&#34;col-duration\&#34;&gt;00:00:14&lt;/td&gt;&#34;, &#34;&lt;td class=\&#34;col-links\&#34;&gt;&lt;/td&gt;&#34;], &#34;log&#34;: &#34;No log output captured.&#34;}], &#34;tests/test_registration.py::TestRegister::test_register_password_to_long&#34;: [{&#34;extras&#34;: [], &#34;result&#34;: &#34;Failed&#34;, &#34;testId&#34;: &#34;tests/test_registration.py::TestRegister::test_register_password_to_long&#34;, &#34;duration&#34;: &#34;00:00:15&#34;, &#34;resultsTableRow&#34;: [&#34;&lt;td class=\&#34;col-result\&#34;&gt;Failed&lt;/td&gt;&#34;, &#34;&lt;td class=\&#34;col-testId\&#34;&gt;tests/test_registration.py::TestRegister::test_register_password_to_long&lt;/td&gt;&#34;, &#34;&lt;td class=\&#34;col-duration\&#34;&gt;00:00:15&lt;/td&gt;&#34;, &#34;&lt;td class=\&#34;col-links\&#34;&gt;&lt;/td&gt;&#34;], &#34;log&#34;: &#34;self = &amp;lt;test_registration.TestRegister object at 0x000001CD623C4E20&amp;gt;\ndriver = &amp;lt;selenium.webdriver.chrome.webdriver.WebDriver (session=&amp;quot;b5b35edfa43ab2110c7eaf51ac52bd34&amp;quot;)&amp;gt;\n\n    def test_register_password_to_long(self, driver):\n        # Create an instance of the RegistrationPage class\n        register_page = RegistrationPage(driver)\n        # Navigate to the registration page\n        register_page.navigate_to_registration_page()\n        # Fill in the registration form with password that is too long\n        register_page.fill_registration_form(&amp;quot;Huyen&amp;quot;, &amp;quot;Le&amp;quot;, &amp;quot;registratoremailtest6@gmail.com&amp;quot;, &amp;quot;123456789012345678901234567890&amp;quot;)\n        time.sleep(3)\n&amp;gt;       message = register_page.get_error_message_password()\n\ntests\\test_registration.py:92: \n_ _ _ _ _ _ _ _ _ _ _ _ _ _ _ _ _ _ _ _ _ _ _ _ _ _ _ _ _ _ _ _ _ _ _ _ _ _ _ _ _ _ _ _ _ _ _ _ _ _ _ _ _ _ _ _ _ _ _ _ _ _ _ _ _ _ _ _ _ _ _ _ _ _ _ _ _ _ _ _ _ _ _ _ \npages\\registration_page.py:36: in get_error_message_password\n    return self.driver.find_element(By.XPATH, &amp;quot;/html/body/main/div[2]/div/div/form/fieldset[2]/div/div/div&amp;quot;).text\nC:\\Users\\PC\\AppData\\Local\\Programs\\Python\\Python313\\Lib\\site-packages\\selenium\\webdriver\\remote\\webdriver.py:766: in find_element\n    return self.execute(Command.FIND_ELEMENT, {&amp;quot;using&amp;quot;: by, &amp;quot;value&amp;quot;: value})[&amp;quot;value&amp;quot;]\nC:\\Users\\PC\\AppData\\Local\\Programs\\Python\\Python313\\Lib\\site-packages\\selenium\\webdriver\\remote\\webdriver.py:380: in execute\n    self.error_handler.check_response(response)\n_ _ _ _ _ _ _ _ _ _ _ _ _ _ _ _ _ _ _ _ _ _ _ _ _ _ _ _ _ _ _ _ _ _ _ _ _ _ _ _ _ _ _ _ _ _ _ _ _ _ _ _ _ _ _ _ _ _ _ _ _ _ _ _ _ _ _ _ _ _ _ _ _ _ _ _ _ _ _ _ _ _ _ _ \n\nself = &amp;lt;selenium.webdriver.remote.errorhandler.ErrorHandler object at 0x000001CD62848780&amp;gt;\nresponse = {&amp;#x27;status&amp;#x27;: 404, &amp;#x27;value&amp;#x27;: &amp;#x27;{&amp;quot;value&amp;quot;:{&amp;quot;error&amp;quot;:&amp;quot;no such element&amp;quot;,&amp;quot;message&amp;quot;:&amp;quot;no such element: Unable to locate element: {\\...07FF79DF00149]\\\\n\\\\tBaseThreadInitThunk [0x00007FFED480257D+29]\\\\n\\\\tRtlUserThreadStart [0x00007FFED614AF08+40]\\\\n&amp;quot;}}&amp;#x27;}\n\n    def check_response(self, response: Dict[str, Any]) -&amp;gt; None:\n        &amp;quot;&amp;quot;&amp;quot;Checks that a JSON response from the WebDriver does not have an\n        error.\n    \n        :Args:\n         - response - The JSON response from the WebDriver server as a dictionary\n           object.\n    \n        :Raises: If the response contains an error message.\n        &amp;quot;&amp;quot;&amp;quot;\n        status = response.get(&amp;quot;status&amp;quot;, None)\n        if not status or status == ErrorCode.SUCCESS:\n            return\n        value = None\n        message = response.get(&amp;quot;message&amp;quot;, &amp;quot;&amp;quot;)\n        screen: str = response.get(&amp;quot;screen&amp;quot;, &amp;quot;&amp;quot;)\n        stacktrace = None\n        if isinstance(status, int):\n            value_json = response.get(&amp;quot;value&amp;quot;, None)\n            if value_json and isinstance(value_json, str):\n                import json\n    \n                try:\n                    value = json.loads(value_json)\n                    if len(value) == 1:\n                        value = value[&amp;quot;value&amp;quot;]\n                    status = value.get(&amp;quot;error&amp;quot;, None)\n                    if not status:\n                        status = value.get(&amp;quot;status&amp;quot;, ErrorCode.UNKNOWN_ERROR)\n                        message = value.get(&amp;quot;value&amp;quot;) or value.get(&amp;quot;message&amp;quot;)\n                        if not isinstance(message, str):\n                            value = message\n                            message = message.get(&amp;quot;message&amp;quot;)\n                    else:\n                        message = value.get(&amp;quot;message&amp;quot;, None)\n                except ValueError:\n                    pass\n    \n        exception_class: Type[WebDriverException]\n        e = ErrorCode()\n        error_codes = [item for item in dir(e) if not item.startswith(&amp;quot;__&amp;quot;)]\n        for error_code in error_codes:\n            error_info = getattr(ErrorCode, error_code)\n            if isinstance(error_info, list) and status in error_info:\n                exception_class = getattr(ExceptionMapping, error_code, WebDriverException)\n                break\n        else:\n            exception_class = WebDriverException\n    \n        if not value:\n            value = response[&amp;quot;value&amp;quot;]\n        if isinstance(value, str):\n            raise exception_class(value)\n        if message == &amp;quot;&amp;quot; and &amp;quot;message&amp;quot; in value:\n            message = value[&amp;quot;message&amp;quot;]\n    \n        screen = None  # type: ignore[assignment]\n        if &amp;quot;screen&amp;quot; in value:\n            screen = value[&amp;quot;screen&amp;quot;]\n    \n        stacktrace = None\n        st_value = value.get(&amp;quot;stackTrace&amp;quot;) or value.get(&amp;quot;stacktrace&amp;quot;)\n        if st_value:\n            if isinstance(st_value, str):\n                stacktrace = st_value.split(&amp;quot;\\n&amp;quot;)\n            else:\n                stacktrace = []\n                try:\n                    for frame in st_value:\n                        line = frame.get(&amp;quot;lineNumber&amp;quot;, &amp;quot;&amp;quot;)\n                        file = frame.get(&amp;quot;fileName&amp;quot;, &amp;quot;&amp;lt;anonymous&amp;gt;&amp;quot;)\n                        if line:\n                            file = f&amp;quot;{file}:{line}&amp;quot;\n                        meth = frame.get(&amp;quot;methodName&amp;quot;, &amp;quot;&amp;lt;anonymous&amp;gt;&amp;quot;)\n                        if &amp;quot;className&amp;quot; in frame:\n                            meth = f&amp;quot;{frame[&amp;#x27;className&amp;#x27;]}.{meth}&amp;quot;\n                        msg = &amp;quot;    at %s (%s)&amp;quot;\n                        msg = msg % (meth, file)\n                        stacktrace.append(msg)\n                except TypeError:\n                    pass\n        if exception_class == UnexpectedAlertPresentException:\n            alert_text = None\n            if &amp;quot;data&amp;quot; in value:\n                alert_text = value[&amp;quot;data&amp;quot;].get(&amp;quot;text&amp;quot;)\n            elif &amp;quot;alert&amp;quot; in value:\n                alert_text = value[&amp;quot;alert&amp;quot;].get(&amp;quot;text&amp;quot;)\n            raise exception_class(message, screen, stacktrace, alert_text)  # type: ignore[call-arg]  # mypy is not smart enough here\n&amp;gt;       raise exception_class(message, screen, stacktrace)\nE       selenium.common.exceptions.NoSuchElementException: Message: no such element: Unable to locate element: {&amp;quot;method&amp;quot;:&amp;quot;xpath&amp;quot;,&amp;quot;selector&amp;quot;:&amp;quot;/html/body/main/div[2]/div/div/form/fieldset[2]/div/div/div&amp;quot;}\nE         (Session info: chrome=130.0.6723.117); For documentation on this error, please visit: https://www.selenium.dev/documentation/webdriver/troubleshooting/errors#no-such-element-exception\nE       Stacktrace:\nE       \tGetHandleVerifier [0x00007FF79E2738A5+3004357]\nE       \t(No symbol) [0x00007FF79DF09970]\nE       \t(No symbol) [0x00007FF79DDB582A]\nE       \t(No symbol) [0x00007FF79DE05B8E]\nE       \t(No symbol) [0x00007FF79DE05E7C]\nE       \t(No symbol) [0x00007FF79DE4EC27]\nE       \t(No symbol) [0x00007FF79DE2BC1F]\nE       \t(No symbol) [0x00007FF79DE4BA4C]\nE       \t(No symbol) [0x00007FF79DE2B983]\nE       \t(No symbol) [0x00007FF79DDF7628]\nE       \t(No symbol) [0x00007FF79DDF8791]\nE       \tGetHandleVerifier [0x00007FF79E29A00D+3161901]\nE       \tGetHandleVerifier [0x00007FF79E2EE060+3506048]\nE       \tGetHandleVerifier [0x00007FF79E2E400D+3465005]\nE       \tGetHandleVerifier [0x00007FF79E060EEB+830987]\nE       \t(No symbol) [0x00007FF79DF1467F]\nE       \t(No symbol) [0x00007FF79DF109D4]\nE       \t(No symbol) [0x00007FF79DF10B6D]\nE       \t(No symbol) [0x00007FF79DF00149]\nE       \tBaseThreadInitThunk [0x00007FFED480257D+29]\nE       \tRtlUserThreadStart [0x00007FFED614AF08+40]\n\nC:\\Users\\PC\\AppData\\Local\\Programs\\Python\\Python313\\Lib\\site-packages\\selenium\\webdriver\\remote\\errorhandler.py:229: NoSuchElementException\n&#34;}], &#34;tests/test_registration.py::TestRegister::test_register_password_to_short&#34;: [{&#34;extras&#34;: [], &#34;result&#34;: &#34;Passed&#34;, &#34;testId&#34;: &#34;tests/test_registration.py::TestRegister::test_register_password_to_short&#34;, &#34;duration&#34;: &#34;00:00:14&#34;, &#34;resultsTableRow&#34;: [&#34;&lt;td class=\&#34;col-result\&#34;&gt;Passed&lt;/td&gt;&#34;, &#34;&lt;td class=\&#34;col-testId\&#34;&gt;tests/test_registration.py::TestRegister::test_register_password_to_short&lt;/td&gt;&#34;, &#34;&lt;td class=\&#34;col-duration\&#34;&gt;00:00:14&lt;/td&gt;&#34;, &#34;&lt;td class=\&#34;col-links\&#34;&gt;&lt;/td&gt;&#34;], &#34;log&#34;: &#34;No log output captured.&#34;}], &#34;tests/test_registration.py::TestRegister::test_register_firstname_to_long&#34;: [{&#34;extras&#34;: [], &#34;result&#34;: &#34;Passed&#34;, &#34;testId&#34;: &#34;tests/test_registration.py::TestRegister::test_register_firstname_to_long&#34;, &#34;duration&#34;: &#34;00:00:14&#34;, &#34;resultsTableRow&#34;: [&#34;&lt;td class=\&#34;col-result\&#34;&gt;Passed&lt;/td&gt;&#34;, &#34;&lt;td class=\&#34;col-testId\&#34;&gt;tests/test_registration.py::TestRegister::test_register_firstname_to_long&lt;/td&gt;&#34;, &#34;&lt;td class=\&#34;col-duration\&#34;&gt;00:00:14&lt;/td&gt;&#34;, &#34;&lt;td class=\&#34;col-links\&#34;&gt;&lt;/td&gt;&#34;], &#34;log&#34;: &#34;No log output captured.&#34;}], &#34;tests/test_registration.py::TestRegister::test_register_lastname_to_long&#34;: [{&#34;extras&#34;: [], &#34;result&#34;: &#34;Passed&#34;, &#34;testId&#34;: &#34;tests/test_registration.py::TestRegister::test_register_lastname_to_long&#34;, &#34;duration&#34;: &#34;00:00:14&#34;, &#34;resultsTableRow&#34;: [&#34;&lt;td class=\&#34;col-result\&#34;&gt;Passed&lt;/td&gt;&#34;, &#34;&lt;td class=\&#34;col-testId\&#34;&gt;tests/test_registration.py::TestRegister::test_register_lastname_to_long&lt;/td&gt;&#34;, &#34;&lt;td class=\&#34;col-duration\&#34;&gt;00:00:14&lt;/td&gt;&#34;, &#34;&lt;td class=\&#34;col-links\&#34;&gt;&lt;/td&gt;&#34;], &#34;log&#34;: &#34;No log output captured.&#34;}], &#34;tests/test_registration.py::TestRegister::test_register_email_exist&#34;: [{&#34;extras&#34;: [], &#34;result&#34;: &#34;Passed&#34;, &#34;testId&#34;: &#34;tests/test_registration.py::TestRegister::test_register_email_exist&#34;, &#34;duration&#34;: &#34;00:00:14&#34;, &#34;resultsTableRow&#34;: [&#34;&lt;td class=\&#34;col-result\&#34;&gt;Passed&lt;/td&gt;&#34;, &#34;&lt;td class=\&#34;col-testId\&#34;&gt;tests/test_registration.py::TestRegister::test_register_email_exist&lt;/td&gt;&#34;, &#34;&lt;td class=\&#34;col-duration\&#34;&gt;00:00:14&lt;/td&gt;&#34;, &#34;&lt;td class=\&#34;col-links\&#34;&gt;&lt;/td&gt;&#34;], &#34;log&#34;: &#34;No log output captured.&#34;}], &#34;tests/test_responsive.py::TestResponsiveDesign::test_responsive_design&#34;: [{&#34;extras&#34;: [], &#34;result&#34;: &#34;Passed&#34;, &#34;testId&#34;: &#34;tests/test_responsive.py::TestResponsiveDesign::test_responsive_design&#34;, &#34;duration&#34;: &#34;00:00:14&#34;, &#34;resultsTableRow&#34;: [&#34;&lt;td class=\&#34;col-result\&#34;&gt;Passed&lt;/td&gt;&#34;, &#34;&lt;td class=\&#34;col-testId\&#34;&gt;tests/test_responsive.py::TestResponsiveDesign::test_responsive_design&lt;/td&gt;&#34;, &#34;&lt;td class=\&#34;col-duration\&#34;&gt;00:00:14&lt;/td&gt;&#34;, &#34;&lt;td class=\&#34;col-links\&#34;&gt;&lt;/td&gt;&#34;], &#34;log&#34;: &#34;----------------------------- Captured stdout call -----------------------------\nTesting for desktop with resolution (1920, 1080)\nTesting for tablet with resolution (768, 1024)\nTesting for mobile with resolution (375, 667)\n&#34;}], &#34;tests/test_search.py::TestSearch::test_search_single_product&#34;: [{&#34;extras&#34;: [], &#34;result&#34;: &#34;Passed&#34;, &#34;testId&#34;: &#34;tests/test_search.py::TestSearch::test_search_single_product&#34;, &#34;duration&#34;: &#34;00:00:11&#34;, &#34;resultsTableRow&#34;: [&#34;&lt;td class=\&#34;col-result\&#34;&gt;Passed&lt;/td&gt;&#34;, &#34;&lt;td class=\&#34;col-testId\&#34;&gt;tests/test_search.py::TestSearch::test_search_single_product&lt;/td&gt;&#34;, &#34;&lt;td class=\&#34;col-duration\&#34;&gt;00:00:11&lt;/td&gt;&#34;, &#34;&lt;td class=\&#34;col-links\&#34;&gt;&lt;/td&gt;&#34;], &#34;log&#34;: &#34;No log output captured.&#34;}], &#34;tests/test_search.py::TestSearch::test_search_with_invalid_product_name&#34;: [{&#34;extras&#34;: [], &#34;result&#34;: &#34;Passed&#34;, &#34;testId&#34;: &#34;tests/test_search.py::TestSearch::test_search_with_invalid_product_name&#34;, &#34;duration&#34;: &#34;00:00:11&#34;, &#34;resultsTableRow&#34;: [&#34;&lt;td class=\&#34;col-result\&#34;&gt;Passed&lt;/td&gt;&#34;, &#34;&lt;td class=\&#34;col-testId\&#34;&gt;tests/test_search.py::TestSearch::test_search_with_invalid_product_name&lt;/td&gt;&#34;, &#34;&lt;td class=\&#34;col-duration\&#34;&gt;00:00:11&lt;/td&gt;&#34;, &#34;&lt;td class=\&#34;col-links\&#34;&gt;&lt;/td&gt;&#34;], &#34;log&#34;: &#34;No log output captured.&#34;}], &#34;tests/test_search.py::TestSearch::test_search_for_related_products&#34;: [{&#34;extras&#34;: [], &#34;result&#34;: &#34;Passed&#34;, &#34;testId&#34;: &#34;tests/test_search.py::TestSearch::test_search_for_related_products&#34;, &#34;duration&#34;: &#34;00:00:11&#34;, &#34;resultsTableRow&#34;: [&#34;&lt;td class=\&#34;col-result\&#34;&gt;Passed&lt;/td&gt;&#34;, &#34;&lt;td class=\&#34;col-testId\&#34;&gt;tests/test_search.py::TestSearch::test_search_for_related_products&lt;/td&gt;&#34;, &#34;&lt;td class=\&#34;col-duration\&#34;&gt;00:00:11&lt;/td&gt;&#34;, &#34;&lt;td class=\&#34;col-links\&#34;&gt;&lt;/td&gt;&#34;], &#34;log&#34;: &#34;----------------------------- Captured stdout call -----------------------------\nSearch results for &amp;#x27;Mac&amp;#x27;:\ni\nM\na\nc\n&#34;}], &#34;tests/test_search.py::TestSearch::test_search_with_empty_term&#34;: [{&#34;extras&#34;: [], &#34;result&#34;: &#34;Passed&#34;, &#34;testId&#34;: &#34;tests/test_search.py::TestSearch::test_search_with_empty_term&#34;, &#34;duration&#34;: &#34;00:00:11&#34;, &#34;resultsTableRow&#34;: [&#34;&lt;td class=\&#34;col-result\&#34;&gt;Passed&lt;/td&gt;&#34;, &#34;&lt;td class=\&#34;col-testId\&#34;&gt;tests/test_search.py::TestSearch::test_search_with_empty_term&lt;/td&gt;&#34;, &#34;&lt;td class=\&#34;col-duration\&#34;&gt;00:00:11&lt;/td&gt;&#34;, &#34;&lt;td class=\&#34;col-links\&#34;&gt;&lt;/td&gt;&#34;], &#34;log&#34;: &#34;No log output captured.&#34;}], &#34;tests/test_search.py::TestSearch::test_search_with_characters&#34;: [{&#34;extras&#34;: [], &#34;result&#34;: &#34;Failed&#34;, &#34;testId&#34;: &#34;tests/test_search.py::TestSearch::test_search_with_characters&#34;, &#34;duration&#34;: &#34;00:00:11&#34;, &#34;resultsTableRow&#34;: [&#34;&lt;td class=\&#34;col-result\&#34;&gt;Failed&lt;/td&gt;&#34;, &#34;&lt;td class=\&#34;col-testId\&#34;&gt;tests/test_search.py::TestSearch::test_search_with_characters&lt;/td&gt;&#34;, &#34;&lt;td class=\&#34;col-duration\&#34;&gt;00:00:11&lt;/td&gt;&#34;, &#34;&lt;td class=\&#34;col-links\&#34;&gt;&lt;/td&gt;&#34;], &#34;log&#34;: &#34;self = &amp;lt;test_search.TestSearch object at 0x000001CD62421370&amp;gt;, driver = &amp;lt;selenium.webdriver.chrome.webdriver.WebDriver (session=&amp;quot;6054427849e1f3c48fba88e8f00bea2e&amp;quot;)&amp;gt;\n\n    def test_search_with_characters(self, driver):\n        #open the home page\n        driver.get(BASE_URL)\n        #create an object of the SearchPage class\n        search_page = SearchPage(driver)\n        #search for the product name\n        search_term = &amp;quot;%&amp;quot;\n        #enter the search term\n        search_page.enter_search_term(search_term)\n        time.sleep(3)\n        #click the search button\n        search_page.click_search_button()\n        time.sleep(3)\n        #wait for the search result to be displayed\n        message = search_page.get_no_product_search()\n&amp;gt;       assert message == &amp;quot;There is no product that matches the search criteria.&amp;quot;\nE       AssertionError: assert &amp;#x27;The 30-inch ...igned speci..&amp;#x27; == &amp;#x27;There is no ...rch criteria.&amp;#x27;\nE         \nE         - There is no product that matches the search criteria.\nE         + The 30-inch Apple Cinema HD Display delivers an amazing 2560 x 1600 pixel resolution. Designed speci..\n\ntests\\test_search.py:93: AssertionError\n&#34;}], &#34;tests/test_search.py::TestSearch::test_search_with_whitespaces&#34;: [{&#34;extras&#34;: [], &#34;result&#34;: &#34;Passed&#34;, &#34;testId&#34;: &#34;tests/test_search.py::TestSearch::test_search_with_whitespaces&#34;, &#34;duration&#34;: &#34;00:00:11&#34;, &#34;resultsTableRow&#34;: [&#34;&lt;td class=\&#34;col-result\&#34;&gt;Passed&lt;/td&gt;&#34;, &#34;&lt;td class=\&#34;col-testId\&#34;&gt;tests/test_search.py::TestSearch::test_search_with_whitespaces&lt;/td&gt;&#34;, &#34;&lt;td class=\&#34;col-duration\&#34;&gt;00:00:11&lt;/td&gt;&#34;, &#34;&lt;td class=\&#34;col-links\&#34;&gt;&lt;/td&gt;&#34;], &#34;log&#34;: &#34;No log output captured.&#34;}]}, &#34;renderCollapsed&#34;: [&#34;passed&#34;], &#34;initialSort&#34;: &#34;result&#34;, &#34;title&#34;: &#34;report.html&#34;}"></div>
    <script>
      (function(){function r(e,n,t){function o(i,f){if(!n[i]){if(!e[i]){var c="function"==typeof require&&require;if(!f&&c)return c(i,!0);if(u)return u(i,!0);var a=new Error("Cannot find module '"+i+"'");throw a.code="MODULE_NOT_FOUND",a}var p=n[i]={exports:{}};e[i][0].call(p.exports,function(r){var n=e[i][1][r];return o(n||r)},p,p.exports,r,e,n,t)}return n[i].exports}for(var u="function"==typeof require&&require,i=0;i<t.length;i++)o(t[i]);return o}return r})()({1:[function(require,module,exports){
const { getCollapsedCategory, setCollapsedIds } = require('./storage.js')

class DataManager {
    setManager(data) {
        const collapsedCategories = [...getCollapsedCategory(data.renderCollapsed)]
        const collapsedIds = []
        const tests = Object.values(data.tests).flat().map((test, index) => {
            const collapsed = collapsedCategories.includes(test.result.toLowerCase())
            const id = `test_${index}`
            if (collapsed) {
                collapsedIds.push(id)
            }
            return {
                ...test,
                id,
                collapsed,
            }
        })
        const dataBlob = { ...data, tests }
        this.data = { ...dataBlob }
        this.renderData = { ...dataBlob }
        setCollapsedIds(collapsedIds)
    }

    get allData() {
        return { ...this.data }
    }

    resetRender() {
        this.renderData = { ...this.data }
    }

    setRender(data) {
        this.renderData.tests = [...data]
    }

    toggleCollapsedItem(id) {
        this.renderData.tests = this.renderData.tests.map((test) =>
            test.id === id ? { ...test, collapsed: !test.collapsed } : test,
        )
    }

    set allCollapsed(collapsed) {
        this.renderData = { ...this.renderData, tests: [...this.renderData.tests.map((test) => (
            { ...test, collapsed }
        ))] }
    }

    get testSubset() {
        return [...this.renderData.tests]
    }

    get environment() {
        return this.renderData.environment
    }

    get initialSort() {
        return this.data.initialSort
    }
}

module.exports = {
    manager: new DataManager(),
}

},{"./storage.js":8}],2:[function(require,module,exports){
const mediaViewer = require('./mediaviewer.js')
const templateEnvRow = document.getElementById('template_environment_row')
const templateResult = document.getElementById('template_results-table__tbody')

function htmlToElements(html) {
    const temp = document.createElement('template')
    temp.innerHTML = html
    return temp.content.childNodes
}

const find = (selector, elem) => {
    if (!elem) {
        elem = document
    }
    return elem.querySelector(selector)
}

const findAll = (selector, elem) => {
    if (!elem) {
        elem = document
    }
    return [...elem.querySelectorAll(selector)]
}

const dom = {
    getStaticRow: (key, value) => {
        const envRow = templateEnvRow.content.cloneNode(true)
        const isObj = typeof value === 'object' && value !== null
        const values = isObj ? Object.keys(value).map((k) => `${k}: ${value[k]}`) : null

        const valuesElement = htmlToElements(
            values ? `<ul>${values.map((val) => `<li>${val}</li>`).join('')}<ul>` : `<div>${value}</div>`)[0]
        const td = findAll('td', envRow)
        td[0].textContent = key
        td[1].appendChild(valuesElement)

        return envRow
    },
    getResultTBody: ({ testId, id, log, extras, resultsTableRow, tableHtml, result, collapsed }) => {
        const resultBody = templateResult.content.cloneNode(true)
        resultBody.querySelector('tbody').classList.add(result.toLowerCase())
        resultBody.querySelector('tbody').id = testId
        resultBody.querySelector('.collapsible').dataset.id = id

        resultsTableRow.forEach((html) => {
            const t = document.createElement('template')
            t.innerHTML = html
            resultBody.querySelector('.collapsible').appendChild(t.content)
        })

        if (log) {
            // Wrap lines starting with "E" with span.error to color those lines red
            const wrappedLog = log.replace(/^E.*$/gm, (match) => `<span class="error">${match}</span>`)
            resultBody.querySelector('.log').innerHTML = wrappedLog
        } else {
            resultBody.querySelector('.log').remove()
        }

        if (collapsed) {
            resultBody.querySelector('.collapsible > td')?.classList.add('collapsed')
            resultBody.querySelector('.extras-row').classList.add('hidden')
        } else {
            resultBody.querySelector('.collapsible > td')?.classList.remove('collapsed')
        }

        const media = []
        extras?.forEach(({ name, format_type, content }) => {
            if (['image', 'video'].includes(format_type)) {
                media.push({ path: content, name, format_type })
            }

            if (format_type === 'html') {
                resultBody.querySelector('.extraHTML').insertAdjacentHTML('beforeend', `<div>${content}</div>`)
            }
        })
        mediaViewer.setup(resultBody, media)

        // Add custom html from the pytest_html_results_table_html hook
        tableHtml?.forEach((item) => {
            resultBody.querySelector('td[class="extra"]').insertAdjacentHTML('beforeend', item)
        })

        return resultBody
    },
}

module.exports = {
    dom,
    htmlToElements,
    find,
    findAll,
}

},{"./mediaviewer.js":6}],3:[function(require,module,exports){
const { manager } = require('./datamanager.js')
const { doSort } = require('./sort.js')
const storageModule = require('./storage.js')

const getFilteredSubSet = (filter) =>
    manager.allData.tests.filter(({ result }) => filter.includes(result.toLowerCase()))

const doInitFilter = () => {
    const currentFilter = storageModule.getVisible()
    const filteredSubset = getFilteredSubSet(currentFilter)
    manager.setRender(filteredSubset)
}

const doFilter = (type, show) => {
    if (show) {
        storageModule.showCategory(type)
    } else {
        storageModule.hideCategory(type)
    }

    const currentFilter = storageModule.getVisible()
    const filteredSubset = getFilteredSubSet(currentFilter)
    manager.setRender(filteredSubset)

    const sortColumn = storageModule.getSort()
    doSort(sortColumn, true)
}

module.exports = {
    doFilter,
    doInitFilter,
}

},{"./datamanager.js":1,"./sort.js":7,"./storage.js":8}],4:[function(require,module,exports){
const { redraw, bindEvents, renderStatic } = require('./main.js')
const { doInitFilter } = require('./filter.js')
const { doInitSort } = require('./sort.js')
const { manager } = require('./datamanager.js')
const data = JSON.parse(document.getElementById('data-container').dataset.jsonblob)

function init() {
    manager.setManager(data)
    doInitFilter()
    doInitSort()
    renderStatic()
    redraw()
    bindEvents()
}

init()

},{"./datamanager.js":1,"./filter.js":3,"./main.js":5,"./sort.js":7}],5:[function(require,module,exports){
const { dom, find, findAll } = require('./dom.js')
const { manager } = require('./datamanager.js')
const { doSort } = require('./sort.js')
const { doFilter } = require('./filter.js')
const {
    getVisible,
    getCollapsedIds,
    setCollapsedIds,
    getSort,
    getSortDirection,
    possibleFilters,
} = require('./storage.js')

const removeChildren = (node) => {
    while (node.firstChild) {
        node.removeChild(node.firstChild)
    }
}

const renderStatic = () => {
    const renderEnvironmentTable = () => {
        const environment = manager.environment
        const rows = Object.keys(environment).map((key) => dom.getStaticRow(key, environment[key]))
        const table = document.getElementById('environment')
        removeChildren(table)
        rows.forEach((row) => table.appendChild(row))
    }
    renderEnvironmentTable()
}

const addItemToggleListener = (elem) => {
    elem.addEventListener('click', ({ target }) => {
        const id = target.parentElement.dataset.id
        manager.toggleCollapsedItem(id)

        const collapsedIds = getCollapsedIds()
        if (collapsedIds.includes(id)) {
            const updated = collapsedIds.filter((item) => item !== id)
            setCollapsedIds(updated)
        } else {
            collapsedIds.push(id)
            setCollapsedIds(collapsedIds)
        }
        redraw()
    })
}

const renderContent = (tests) => {
    const sortAttr = getSort(manager.initialSort)
    const sortAsc = JSON.parse(getSortDirection())
    const rows = tests.map(dom.getResultTBody)
    const table = document.getElementById('results-table')
    const tableHeader = document.getElementById('results-table-head')

    const newTable = document.createElement('table')
    newTable.id = 'results-table'

    // remove all sorting classes and set the relevant
    findAll('.sortable', tableHeader).forEach((elem) => elem.classList.remove('asc', 'desc'))
    tableHeader.querySelector(`.sortable[data-column-type="${sortAttr}"]`)?.classList.add(sortAsc ? 'desc' : 'asc')
    newTable.appendChild(tableHeader)

    if (!rows.length) {
        const emptyTable = document.getElementById('template_results-table__body--empty').content.cloneNode(true)
        newTable.appendChild(emptyTable)
    } else {
        rows.forEach((row) => {
            if (!!row) {
                findAll('.collapsible td:not(.col-links', row).forEach(addItemToggleListener)
                find('.logexpander', row).addEventListener('click',
                    (evt) => evt.target.parentNode.classList.toggle('expanded'),
                )
                newTable.appendChild(row)
            }
        })
    }

    table.replaceWith(newTable)
}

const renderDerived = () => {
    const currentFilter = getVisible()
    possibleFilters.forEach((result) => {
        const input = document.querySelector(`input[data-test-result="${result}"]`)
        input.checked = currentFilter.includes(result)
    })
}

const bindEvents = () => {
    const filterColumn = (evt) => {
        const { target: element } = evt
        const { testResult } = element.dataset

        doFilter(testResult, element.checked)
        const collapsedIds = getCollapsedIds()
        const updated = manager.renderData.tests.map((test) => {
            return {
                ...test,
                collapsed: collapsedIds.includes(test.id),
            }
        })
        manager.setRender(updated)
        redraw()
    }

    const header = document.getElementById('environment-header')
    header.addEventListener('click', () => {
        const table = document.getElementById('environment')
        table.classList.toggle('hidden')
        header.classList.toggle('collapsed')
    })

    findAll('input[name="filter_checkbox"]').forEach((elem) => {
        elem.addEventListener('click', filterColumn)
    })

    findAll('.sortable').forEach((elem) => {
        elem.addEventListener('click', (evt) => {
            const { target: element } = evt
            const { columnType } = element.dataset
            doSort(columnType)
            redraw()
        })
    })

    document.getElementById('show_all_details').addEventListener('click', () => {
        manager.allCollapsed = false
        setCollapsedIds([])
        redraw()
    })
    document.getElementById('hide_all_details').addEventListener('click', () => {
        manager.allCollapsed = true
        const allIds = manager.renderData.tests.map((test) => test.id)
        setCollapsedIds(allIds)
        redraw()
    })
}

const redraw = () => {
    const { testSubset } = manager

    renderContent(testSubset)
    renderDerived()
}

module.exports = {
    redraw,
    bindEvents,
    renderStatic,
}

},{"./datamanager.js":1,"./dom.js":2,"./filter.js":3,"./sort.js":7,"./storage.js":8}],6:[function(require,module,exports){
class MediaViewer {
    constructor(assets) {
        this.assets = assets
        this.index = 0
    }

    nextActive() {
        this.index = this.index === this.assets.length - 1 ? 0 : this.index + 1
        return [this.activeFile, this.index]
    }

    prevActive() {
        this.index = this.index === 0 ? this.assets.length - 1 : this.index -1
        return [this.activeFile, this.index]
    }

    get currentIndex() {
        return this.index
    }

    get activeFile() {
        return this.assets[this.index]
    }
}


const setup = (resultBody, assets) => {
    if (!assets.length) {
        resultBody.querySelector('.media').classList.add('hidden')
        return
    }

    const mediaViewer = new MediaViewer(assets)
    const container = resultBody.querySelector('.media-container')
    const leftArrow = resultBody.querySelector('.media-container__nav--left')
    const rightArrow = resultBody.querySelector('.media-container__nav--right')
    const mediaName = resultBody.querySelector('.media__name')
    const counter = resultBody.querySelector('.media__counter')
    const imageEl = resultBody.querySelector('img')
    const sourceEl = resultBody.querySelector('source')
    const videoEl = resultBody.querySelector('video')

    const setImg = (media, index) => {
        if (media?.format_type === 'image') {
            imageEl.src = media.path

            imageEl.classList.remove('hidden')
            videoEl.classList.add('hidden')
        } else if (media?.format_type === 'video') {
            sourceEl.src = media.path

            videoEl.classList.remove('hidden')
            imageEl.classList.add('hidden')
        }

        mediaName.innerText = media?.name
        counter.innerText = `${index + 1} / ${assets.length}`
    }
    setImg(mediaViewer.activeFile, mediaViewer.currentIndex)

    const moveLeft = () => {
        const [media, index] = mediaViewer.prevActive()
        setImg(media, index)
    }
    const doRight = () => {
        const [media, index] = mediaViewer.nextActive()
        setImg(media, index)
    }
    const openImg = () => {
        window.open(mediaViewer.activeFile.path, '_blank')
    }
    if (assets.length === 1) {
        container.classList.add('media-container--fullscreen')
    } else {
        leftArrow.addEventListener('click', moveLeft)
        rightArrow.addEventListener('click', doRight)
    }
    imageEl.addEventListener('click', openImg)
}

module.exports = {
    setup,
}

},{}],7:[function(require,module,exports){
const { manager } = require('./datamanager.js')
const storageModule = require('./storage.js')

const genericSort = (list, key, ascending, customOrder) => {
    let sorted
    if (customOrder) {
        sorted = list.sort((a, b) => {
            const aValue = a.result.toLowerCase()
            const bValue = b.result.toLowerCase()

            const aIndex = customOrder.findIndex((item) => item.toLowerCase() === aValue)
            const bIndex = customOrder.findIndex((item) => item.toLowerCase() === bValue)

            // Compare the indices to determine the sort order
            return aIndex - bIndex
        })
    } else {
        sorted = list.sort((a, b) => a[key] === b[key] ? 0 : a[key] > b[key] ? 1 : -1)
    }

    if (ascending) {
        sorted.reverse()
    }
    return sorted
}

const durationSort = (list, ascending) => {
    const parseDuration = (duration) => {
        if (duration.includes(':')) {
            // If it's in the format "HH:mm:ss"
            const [hours, minutes, seconds] = duration.split(':').map(Number)
            return (hours * 3600 + minutes * 60 + seconds) * 1000
        } else {
            // If it's in the format "nnn ms"
            return parseInt(duration)
        }
    }
    const sorted = list.sort((a, b) => parseDuration(a['duration']) - parseDuration(b['duration']))
    if (ascending) {
        sorted.reverse()
    }
    return sorted
}

const doInitSort = () => {
    const type = storageModule.getSort(manager.initialSort)
    const ascending = storageModule.getSortDirection()
    const list = manager.testSubset
    const initialOrder = ['Error', 'Failed', 'Rerun', 'XFailed', 'XPassed', 'Skipped', 'Passed']

    storageModule.setSort(type)
    storageModule.setSortDirection(ascending)

    if (type?.toLowerCase() === 'original') {
        manager.setRender(list)
    } else {
        let sortedList
        switch (type) {
        case 'duration':
            sortedList = durationSort(list, ascending)
            break
        case 'result':
            sortedList = genericSort(list, type, ascending, initialOrder)
            break
        default:
            sortedList = genericSort(list, type, ascending)
            break
        }
        manager.setRender(sortedList)
    }
}

const doSort = (type, skipDirection) => {
    const newSortType = storageModule.getSort(manager.initialSort) !== type
    const currentAsc = storageModule.getSortDirection()
    let ascending
    if (skipDirection) {
        ascending = currentAsc
    } else {
        ascending = newSortType ? false : !currentAsc
    }
    storageModule.setSort(type)
    storageModule.setSortDirection(ascending)

    const list = manager.testSubset
    const sortedList = type === 'duration' ? durationSort(list, ascending) : genericSort(list, type, ascending)
    manager.setRender(sortedList)
}

module.exports = {
    doInitSort,
    doSort,
}

},{"./datamanager.js":1,"./storage.js":8}],8:[function(require,module,exports){
const possibleFilters = [
    'passed',
    'skipped',
    'failed',
    'error',
    'xfailed',
    'xpassed',
    'rerun',
]

const getVisible = () => {
    const url = new URL(window.location.href)
    const settings = new URLSearchParams(url.search).get('visible')
    const lower = (item) => {
        const lowerItem = item.toLowerCase()
        if (possibleFilters.includes(lowerItem)) {
            return lowerItem
        }
        return null
    }
    return settings === null ?
        possibleFilters :
        [...new Set(settings?.split(',').map(lower).filter((item) => item))]
}

const hideCategory = (categoryToHide) => {
    const url = new URL(window.location.href)
    const visibleParams = new URLSearchParams(url.search).get('visible')
    const currentVisible = visibleParams ? visibleParams.split(',') : [...possibleFilters]
    const settings = [...new Set(currentVisible)].filter((f) => f !== categoryToHide).join(',')

    url.searchParams.set('visible', settings)
    window.history.pushState({}, null, unescape(url.href))
}

const showCategory = (categoryToShow) => {
    if (typeof window === 'undefined') {
        return
    }
    const url = new URL(window.location.href)
    const currentVisible = new URLSearchParams(url.search).get('visible')?.split(',').filter(Boolean) ||
        [...possibleFilters]
    const settings = [...new Set([categoryToShow, ...currentVisible])]
    const noFilter = possibleFilters.length === settings.length || !settings.length

    noFilter ? url.searchParams.delete('visible') : url.searchParams.set('visible', settings.join(','))
    window.history.pushState({}, null, unescape(url.href))
}

const getSort = (initialSort) => {
    const url = new URL(window.location.href)
    let sort = new URLSearchParams(url.search).get('sort')
    if (!sort) {
        sort = initialSort || 'result'
    }
    return sort
}

const setSort = (type) => {
    const url = new URL(window.location.href)
    url.searchParams.set('sort', type)
    window.history.pushState({}, null, unescape(url.href))
}

const getCollapsedCategory = (renderCollapsed) => {
    let categories
    if (typeof window !== 'undefined') {
        const url = new URL(window.location.href)
        const collapsedItems = new URLSearchParams(url.search).get('collapsed')
        switch (true) {
        case !renderCollapsed && collapsedItems === null:
            categories = ['passed']
            break
        case collapsedItems?.length === 0 || /^["']{2}$/.test(collapsedItems):
            categories = []
            break
        case /^all$/.test(collapsedItems) || collapsedItems === null && /^all$/.test(renderCollapsed):
            categories = [...possibleFilters]
            break
        default:
            categories = collapsedItems?.split(',').map((item) => item.toLowerCase()) || renderCollapsed
            break
        }
    } else {
        categories = []
    }
    return categories
}

const getSortDirection = () => JSON.parse(sessionStorage.getItem('sortAsc')) || false
const setSortDirection = (ascending) => sessionStorage.setItem('sortAsc', ascending)

const getCollapsedIds = () => JSON.parse(sessionStorage.getItem('collapsedIds')) || []
const setCollapsedIds = (list) => sessionStorage.setItem('collapsedIds', JSON.stringify(list))

module.exports = {
    getVisible,
    hideCategory,
    showCategory,
    getCollapsedIds,
    setCollapsedIds,
    getSort,
    setSort,
    getSortDirection,
    setSortDirection,
    getCollapsedCategory,
    possibleFilters,
}

},{}]},{},[4]);
    </script>
  </footer>
</html>